2012/09/25 20:21:17 [error] [exception.CException] exception 'CException' with message 'Alias "ext.yii-facebook-opengraph.SFacebook" is invalid. Make sure it points to an existing PHP file and the file is readable.' in C:\wamp\www\poderDoSeuCurtir\yii_1.1.12\framework\YiiBase.php:318
Stack trace:
#0 C:\wamp\www\poderDoSeuCurtir\yii_1.1.12\framework\YiiBase.php(198): YiiBase::import('ext.yii-faceboo...', true)
#1 C:\wamp\www\poderDoSeuCurtir\yii_1.1.12\framework\base\CModule.php(387): YiiBase::createComponent(Array)
#2 C:\wamp\www\poderDoSeuCurtir\yii_1.1.12\framework\base\CModule.php(104): CModule->getComponent('facebook')
#3 C:\wamp\www\poderDoSeuCurtir\protected\views\fb_page\index.php(7): CModule->__get('facebook')
#4 C:\wamp\www\poderDoSeuCurtir\yii_1.1.12\framework\web\CBaseController.php(127): require('C:\wamp\www\pod...')
#5 C:\wamp\www\poderDoSeuCurtir\yii_1.1.12\framework\web\CBaseController.php(96): CBaseController->renderInternal('C:\wamp\www\pod...', NULL, true)
#6 C:\wamp\www\poderDoSeuCurtir\yii_1.1.12\framework\web\CController.php(870): CBaseController->renderFile('C:\wamp\www\pod...', NULL, true)
#7 C:\wamp\www\poderDoSeuCurtir\yii_1.1.12\framework\web\CController.php(783): CController->renderPartial('index', NULL, true)
#8 C:\wamp\www\poderDoSeuCurtir\protected\controllers\Fb_pageController.php(7): CController->render('index')
#9 C:\wamp\www\poderDoSeuCurtir\yii_1.1.12\framework\web\actions\CInlineAction.php(50): Fb_pageController->actionIndex()
#10 C:\wamp\www\poderDoSeuCurtir\yii_1.1.12\framework\web\CController.php(309): CInlineAction->runWithParams(Array)
#11 C:\wamp\www\poderDoSeuCurtir\yii_1.1.12\framework\web\CController.php(287): CController->runAction(Object(CInlineAction))
#12 C:\wamp\www\poderDoSeuCurtir\yii_1.1.12\framework\web\CController.php(266): CController->runActionWithFilters(Object(CInlineAction), Array)
#13 C:\wamp\www\poderDoSeuCurtir\yii_1.1.12\framework\web\CWebApplication.php(283): CController->run('')
#14 C:\wamp\www\poderDoSeuCurtir\yii_1.1.12\framework\web\CWebApplication.php(142): CWebApplication->runController('fb_page')
#15 C:\wamp\www\poderDoSeuCurtir\yii_1.1.12\framework\base\CApplication.php(162): CWebApplication->processRequest()
#16 C:\wamp\www\poderDoSeuCurtir\index.php(13): CApplication->run()
#17 {main}
REQUEST_URI=/poderDoSeuCurtir/?r=fb_page
---
2012/09/25 20:21:22 [error] [exception.CException] exception 'CException' with message 'Alias "ext.yii-facebook-opengraph.SFacebook" is invalid. Make sure it points to an existing PHP file and the file is readable.' in C:\wamp\www\poderDoSeuCurtir\yii_1.1.12\framework\YiiBase.php:318
Stack trace:
#0 C:\wamp\www\poderDoSeuCurtir\yii_1.1.12\framework\YiiBase.php(198): YiiBase::import('ext.yii-faceboo...', true)
#1 C:\wamp\www\poderDoSeuCurtir\yii_1.1.12\framework\base\CModule.php(387): YiiBase::createComponent(Array)
#2 C:\wamp\www\poderDoSeuCurtir\yii_1.1.12\framework\base\CModule.php(104): CModule->getComponent('facebook')
#3 C:\wamp\www\poderDoSeuCurtir\protected\views\fb_page\index.php(7): CModule->__get('facebook')
#4 C:\wamp\www\poderDoSeuCurtir\yii_1.1.12\framework\web\CBaseController.php(127): require('C:\wamp\www\pod...')
#5 C:\wamp\www\poderDoSeuCurtir\yii_1.1.12\framework\web\CBaseController.php(96): CBaseController->renderInternal('C:\wamp\www\pod...', NULL, true)
#6 C:\wamp\www\poderDoSeuCurtir\yii_1.1.12\framework\web\CController.php(870): CBaseController->renderFile('C:\wamp\www\pod...', NULL, true)
#7 C:\wamp\www\poderDoSeuCurtir\yii_1.1.12\framework\web\CController.php(783): CController->renderPartial('index', NULL, true)
#8 C:\wamp\www\poderDoSeuCurtir\protected\controllers\Fb_pageController.php(7): CController->render('index')
#9 C:\wamp\www\poderDoSeuCurtir\yii_1.1.12\framework\web\actions\CInlineAction.php(50): Fb_pageController->actionIndex()
#10 C:\wamp\www\poderDoSeuCurtir\yii_1.1.12\framework\web\CController.php(309): CInlineAction->runWithParams(Array)
#11 C:\wamp\www\poderDoSeuCurtir\yii_1.1.12\framework\web\CController.php(287): CController->runAction(Object(CInlineAction))
#12 C:\wamp\www\poderDoSeuCurtir\yii_1.1.12\framework\web\CController.php(266): CController->runActionWithFilters(Object(CInlineAction), Array)
#13 C:\wamp\www\poderDoSeuCurtir\yii_1.1.12\framework\web\CWebApplication.php(283): CController->run('')
#14 C:\wamp\www\poderDoSeuCurtir\yii_1.1.12\framework\web\CWebApplication.php(142): CWebApplication->runController('fb_page')
#15 C:\wamp\www\poderDoSeuCurtir\yii_1.1.12\framework\base\CApplication.php(162): CWebApplication->processRequest()
#16 C:\wamp\www\poderDoSeuCurtir\index.php(13): CApplication->run()
#17 {main}
REQUEST_URI=/poderDoSeuCurtir/?r=fb_page
---
2012/09/25 20:21:33 [error] [exception.CException] exception 'CException' with message 'Alias "ext.yii-facebook-opengraph.SFacebook" is invalid. Make sure it points to an existing PHP file and the file is readable.' in C:\wamp\www\poderDoSeuCurtir\yii_1.1.12\framework\YiiBase.php:318
Stack trace:
#0 C:\wamp\www\poderDoSeuCurtir\yii_1.1.12\framework\YiiBase.php(198): YiiBase::import('ext.yii-faceboo...', true)
#1 C:\wamp\www\poderDoSeuCurtir\yii_1.1.12\framework\base\CModule.php(387): YiiBase::createComponent(Array)
#2 C:\wamp\www\poderDoSeuCurtir\yii_1.1.12\framework\base\CModule.php(104): CModule->getComponent('facebook')
#3 C:\wamp\www\poderDoSeuCurtir\protected\views\fb_page\index.php(7): CModule->__get('facebook')
#4 C:\wamp\www\poderDoSeuCurtir\yii_1.1.12\framework\web\CBaseController.php(127): require('C:\wamp\www\pod...')
#5 C:\wamp\www\poderDoSeuCurtir\yii_1.1.12\framework\web\CBaseController.php(96): CBaseController->renderInternal('C:\wamp\www\pod...', NULL, true)
#6 C:\wamp\www\poderDoSeuCurtir\yii_1.1.12\framework\web\CController.php(870): CBaseController->renderFile('C:\wamp\www\pod...', NULL, true)
#7 C:\wamp\www\poderDoSeuCurtir\yii_1.1.12\framework\web\CController.php(783): CController->renderPartial('index', NULL, true)
#8 C:\wamp\www\poderDoSeuCurtir\protected\controllers\Fb_pageController.php(7): CController->render('index')
#9 C:\wamp\www\poderDoSeuCurtir\yii_1.1.12\framework\web\actions\CInlineAction.php(50): Fb_pageController->actionIndex()
#10 C:\wamp\www\poderDoSeuCurtir\yii_1.1.12\framework\web\CController.php(309): CInlineAction->runWithParams(Array)
#11 C:\wamp\www\poderDoSeuCurtir\yii_1.1.12\framework\web\CController.php(287): CController->runAction(Object(CInlineAction))
#12 C:\wamp\www\poderDoSeuCurtir\yii_1.1.12\framework\web\CController.php(266): CController->runActionWithFilters(Object(CInlineAction), Array)
#13 C:\wamp\www\poderDoSeuCurtir\yii_1.1.12\framework\web\CWebApplication.php(283): CController->run('')
#14 C:\wamp\www\poderDoSeuCurtir\yii_1.1.12\framework\web\CWebApplication.php(142): CWebApplication->runController('fb_page')
#15 C:\wamp\www\poderDoSeuCurtir\yii_1.1.12\framework\base\CApplication.php(162): CWebApplication->processRequest()
#16 C:\wamp\www\poderDoSeuCurtir\index.php(13): CApplication->run()
#17 {main}
REQUEST_URI=/poderDoSeuCurtir/?r=fb_page
---
2012/09/25 20:38:29 [error] [exception.FacebookApiException] OAuthException: An active access token must be used to query information about the current user.
REQUEST_URI=/poderDoSeuCurtir/fb_page/index
---
2012/09/25 21:01:34 [error] [exception.FacebookApiException] OAuthException: An active access token must be used to query information about the current user.
REQUEST_URI=/poderDoSeuCurtir/fb_page/index
---
2012/09/25 21:04:47 [error] [exception.FacebookApiException] OAuthException: An active access token must be used to query information about the current user.
REQUEST_URI=/poderDoSeuCurtir/fb_page/index
---
2012/09/25 21:04:59 [error] [exception.FacebookApiException] OAuthException: An active access token must be used to query information about the current user.
REQUEST_URI=/poderDoSeuCurtir/fb_page/index
---
2012/09/25 21:05:43 [error] [php] Undefined variable: access (C:\wamp\www\poderDoSeuCurtir\protected\views\fb_page\index.php:18)
Stack trace:
#0 C:\wamp\www\poderDoSeuCurtir\yii_1.1.12\framework\web\CController.php(870): Fb_pageController->renderFile()
#1 C:\wamp\www\poderDoSeuCurtir\yii_1.1.12\framework\web\CController.php(783): Fb_pageController->renderPartial()
#2 C:\wamp\www\poderDoSeuCurtir\protected\controllers\Fb_pageController.php(7): Fb_pageController->render()
#3 C:\wamp\www\poderDoSeuCurtir\yii_1.1.12\framework\web\actions\CInlineAction.php(50): Fb_pageController->actionIndex()
#4 C:\wamp\www\poderDoSeuCurtir\yii_1.1.12\framework\web\CController.php(309): CInlineAction->runWithParams()
#5 C:\wamp\www\poderDoSeuCurtir\yii_1.1.12\framework\web\CController.php(287): Fb_pageController->runAction()
#6 C:\wamp\www\poderDoSeuCurtir\yii_1.1.12\framework\web\CController.php(266): Fb_pageController->runActionWithFilters()
#7 C:\wamp\www\poderDoSeuCurtir\yii_1.1.12\framework\web\CWebApplication.php(283): Fb_pageController->run()
#8 C:\wamp\www\poderDoSeuCurtir\yii_1.1.12\framework\web\CWebApplication.php(142): CWebApplication->runController()
#9 C:\wamp\www\poderDoSeuCurtir\yii_1.1.12\framework\base\CApplication.php(162): CWebApplication->processRequest()
#10 C:\wamp\www\poderDoSeuCurtir\index.php(15): CWebApplication->run()
REQUEST_URI=/poderDoSeuCurtir/fb_page/index
in C:\wamp\www\poderDoSeuCurtir\protected\views\fb_page\index.php (18)
in C:\wamp\www\poderDoSeuCurtir\protected\controllers\Fb_pageController.php (7)
in C:\wamp\www\poderDoSeuCurtir\index.php (15)
2012/09/25 21:06:45 [error] [exception.FacebookApiException] OAuthException: An active access token must be used to query information about the current user.
REQUEST_URI=/poderDoSeuCurtir/fb_page/index
---
2012/09/25 21:08:08 [error] [exception.FacebookApiException] OAuthException: An active access token must be used to query information about the current user.
REQUEST_URI=/poderDoSeuCurtir/fb_page/index
---
2012/09/26 14:22:32 [error] [exception.FacebookApiException] OAuthException: An active access token must be used to query information about the current user.
REQUEST_URI=/poderDoSeuCurtir/fb_page/index
---
2012/09/26 14:25:10 [error] [exception.FacebookApiException] OAuthException: An active access token must be used to query information about the current user.
REQUEST_URI=/poderDoSeuCurtir/fb_page/index
---
2012/09/26 14:40:21 [error] [exception.CException] exception 'CException' with message 'Fb_pageController and its behaviors do not have a method or closure named "authenticate".' in C:\wamp\www\poderDoSeuCurtir\yii_1.1.12\framework\base\CComponent.php:266
Stack trace:
#0 C:\wamp\www\poderDoSeuCurtir\protected\views\fb_page\index.php(6): CComponent->__call('authenticate', Array)
#1 C:\wamp\www\poderDoSeuCurtir\protected\views\fb_page\index.php(6): Fb_pageController->authenticate()
#2 C:\wamp\www\poderDoSeuCurtir\yii_1.1.12\framework\web\CBaseController.php(127): require('C:\wamp\www\pod...')
#3 C:\wamp\www\poderDoSeuCurtir\yii_1.1.12\framework\web\CBaseController.php(96): CBaseController->renderInternal('C:\wamp\www\pod...', NULL, true)
#4 C:\wamp\www\poderDoSeuCurtir\yii_1.1.12\framework\web\CController.php(870): CBaseController->renderFile('C:\wamp\www\pod...', NULL, true)
#5 C:\wamp\www\poderDoSeuCurtir\yii_1.1.12\framework\web\CController.php(783): CController->renderPartial('index', NULL, true)
#6 C:\wamp\www\poderDoSeuCurtir\protected\controllers\Fb_pageController.php(7): CController->render('index')
#7 C:\wamp\www\poderDoSeuCurtir\yii_1.1.12\framework\web\actions\CInlineAction.php(50): Fb_pageController->actionIndex()
#8 C:\wamp\www\poderDoSeuCurtir\yii_1.1.12\framework\web\CController.php(309): CInlineAction->runWithParams(Array)
#9 C:\wamp\www\poderDoSeuCurtir\yii_1.1.12\framework\web\CController.php(287): CController->runAction(Object(CInlineAction))
#10 C:\wamp\www\poderDoSeuCurtir\yii_1.1.12\framework\web\CController.php(266): CController->runActionWithFilters(Object(CInlineAction), Array)
#11 C:\wamp\www\poderDoSeuCurtir\yii_1.1.12\framework\web\CWebApplication.php(283): CController->run('index')
#12 C:\wamp\www\poderDoSeuCurtir\yii_1.1.12\framework\web\CWebApplication.php(142): CWebApplication->runController('fb_page/index')
#13 C:\wamp\www\poderDoSeuCurtir\yii_1.1.12\framework\base\CApplication.php(162): CWebApplication->processRequest()
#14 C:\wamp\www\poderDoSeuCurtir\index.php(15): CApplication->run()
#15 {main}
REQUEST_URI=/poderDoSeuCurtir/fb_page/index
---
2012/09/26 14:40:37 [error] [exception.CException] exception 'CException' with message 'Property "CWebApplication.facebook" is not defined.' in C:\wamp\www\poderDoSeuCurtir\yii_1.1.12\framework\base\CComponent.php:131
Stack trace:
#0 C:\wamp\www\poderDoSeuCurtir\yii_1.1.12\framework\base\CModule.php(106): CComponent->__get('facebook')
#1 C:\wamp\www\poderDoSeuCurtir\protected\views\fb_page\index.php(9): CModule->__get('facebook')
#2 C:\wamp\www\poderDoSeuCurtir\yii_1.1.12\framework\web\CBaseController.php(127): require('C:\wamp\www\pod...')
#3 C:\wamp\www\poderDoSeuCurtir\yii_1.1.12\framework\web\CBaseController.php(96): CBaseController->renderInternal('C:\wamp\www\pod...', NULL, true)
#4 C:\wamp\www\poderDoSeuCurtir\yii_1.1.12\framework\web\CController.php(870): CBaseController->renderFile('C:\wamp\www\pod...', NULL, true)
#5 C:\wamp\www\poderDoSeuCurtir\yii_1.1.12\framework\web\CController.php(783): CController->renderPartial('index', NULL, true)
#6 C:\wamp\www\poderDoSeuCurtir\protected\controllers\Fb_pageController.php(7): CController->render('index')
#7 C:\wamp\www\poderDoSeuCurtir\yii_1.1.12\framework\web\actions\CInlineAction.php(50): Fb_pageController->actionIndex()
#8 C:\wamp\www\poderDoSeuCurtir\yii_1.1.12\framework\web\CController.php(309): CInlineAction->runWithParams(Array)
#9 C:\wamp\www\poderDoSeuCurtir\yii_1.1.12\framework\web\CController.php(287): CController->runAction(Object(CInlineAction))
#10 C:\wamp\www\poderDoSeuCurtir\yii_1.1.12\framework\web\CController.php(266): CController->runActionWithFilters(Object(CInlineAction), Array)
#11 C:\wamp\www\poderDoSeuCurtir\yii_1.1.12\framework\web\CWebApplication.php(283): CController->run('index')
#12 C:\wamp\www\poderDoSeuCurtir\yii_1.1.12\framework\web\CWebApplication.php(142): CWebApplication->runController('fb_page/index')
#13 C:\wamp\www\poderDoSeuCurtir\yii_1.1.12\framework\base\CApplication.php(162): CWebApplication->processRequest()
#14 C:\wamp\www\poderDoSeuCurtir\index.php(15): CApplication->run()
#15 {main}
REQUEST_URI=/poderDoSeuCurtir/fb_page/index
---
2012/09/26 14:40:58 [error] [exception.CException] exception 'CException' with message 'Property "CWebApplication.facebook" is not defined.' in C:\wamp\www\poderDoSeuCurtir\yii_1.1.12\framework\base\CComponent.php:131
Stack trace:
#0 C:\wamp\www\poderDoSeuCurtir\yii_1.1.12\framework\base\CModule.php(106): CComponent->__get('facebook')
#1 C:\wamp\www\poderDoSeuCurtir\protected\views\fb_page\index.php(9): CModule->__get('facebook')
#2 C:\wamp\www\poderDoSeuCurtir\yii_1.1.12\framework\web\CBaseController.php(127): require('C:\wamp\www\pod...')
#3 C:\wamp\www\poderDoSeuCurtir\yii_1.1.12\framework\web\CBaseController.php(96): CBaseController->renderInternal('C:\wamp\www\pod...', NULL, true)
#4 C:\wamp\www\poderDoSeuCurtir\yii_1.1.12\framework\web\CController.php(870): CBaseController->renderFile('C:\wamp\www\pod...', NULL, true)
#5 C:\wamp\www\poderDoSeuCurtir\yii_1.1.12\framework\web\CController.php(783): CController->renderPartial('index', NULL, true)
#6 C:\wamp\www\poderDoSeuCurtir\protected\controllers\Fb_pageController.php(7): CController->render('index')
#7 C:\wamp\www\poderDoSeuCurtir\yii_1.1.12\framework\web\actions\CInlineAction.php(50): Fb_pageController->actionIndex()
#8 C:\wamp\www\poderDoSeuCurtir\yii_1.1.12\framework\web\CController.php(309): CInlineAction->runWithParams(Array)
#9 C:\wamp\www\poderDoSeuCurtir\yii_1.1.12\framework\web\CController.php(287): CController->runAction(Object(CInlineAction))
#10 C:\wamp\www\poderDoSeuCurtir\yii_1.1.12\framework\web\CController.php(266): CController->runActionWithFilters(Object(CInlineAction), Array)
#11 C:\wamp\www\poderDoSeuCurtir\yii_1.1.12\framework\web\CWebApplication.php(283): CController->run('index')
#12 C:\wamp\www\poderDoSeuCurtir\yii_1.1.12\framework\web\CWebApplication.php(142): CWebApplication->runController('fb_page/index')
#13 C:\wamp\www\poderDoSeuCurtir\yii_1.1.12\framework\base\CApplication.php(162): CWebApplication->processRequest()
#14 C:\wamp\www\poderDoSeuCurtir\index.php(15): CApplication->run()
#15 {main}
REQUEST_URI=/poderDoSeuCurtir/fb_page/index
---
2012/09/26 14:40:59 [error] [exception.CException] exception 'CException' with message 'Property "CWebApplication.facebook" is not defined.' in C:\wamp\www\poderDoSeuCurtir\yii_1.1.12\framework\base\CComponent.php:131
Stack trace:
#0 C:\wamp\www\poderDoSeuCurtir\yii_1.1.12\framework\base\CModule.php(106): CComponent->__get('facebook')
#1 C:\wamp\www\poderDoSeuCurtir\protected\views\fb_page\index.php(9): CModule->__get('facebook')
#2 C:\wamp\www\poderDoSeuCurtir\yii_1.1.12\framework\web\CBaseController.php(127): require('C:\wamp\www\pod...')
#3 C:\wamp\www\poderDoSeuCurtir\yii_1.1.12\framework\web\CBaseController.php(96): CBaseController->renderInternal('C:\wamp\www\pod...', NULL, true)
#4 C:\wamp\www\poderDoSeuCurtir\yii_1.1.12\framework\web\CController.php(870): CBaseController->renderFile('C:\wamp\www\pod...', NULL, true)
#5 C:\wamp\www\poderDoSeuCurtir\yii_1.1.12\framework\web\CController.php(783): CController->renderPartial('index', NULL, true)
#6 C:\wamp\www\poderDoSeuCurtir\protected\controllers\Fb_pageController.php(7): CController->render('index')
#7 C:\wamp\www\poderDoSeuCurtir\yii_1.1.12\framework\web\actions\CInlineAction.php(50): Fb_pageController->actionIndex()
#8 C:\wamp\www\poderDoSeuCurtir\yii_1.1.12\framework\web\CController.php(309): CInlineAction->runWithParams(Array)
#9 C:\wamp\www\poderDoSeuCurtir\yii_1.1.12\framework\web\CController.php(287): CController->runAction(Object(CInlineAction))
#10 C:\wamp\www\poderDoSeuCurtir\yii_1.1.12\framework\web\CController.php(266): CController->runActionWithFilters(Object(CInlineAction), Array)
#11 C:\wamp\www\poderDoSeuCurtir\yii_1.1.12\framework\web\CWebApplication.php(283): CController->run('index')
#12 C:\wamp\www\poderDoSeuCurtir\yii_1.1.12\framework\web\CWebApplication.php(142): CWebApplication->runController('fb_page/index')
#13 C:\wamp\www\poderDoSeuCurtir\yii_1.1.12\framework\base\CApplication.php(162): CWebApplication->processRequest()
#14 C:\wamp\www\poderDoSeuCurtir\index.php(15): CApplication->run()
#15 {main}
REQUEST_URI=/poderDoSeuCurtir/fb_page/index
---
2012/09/26 14:55:33 [error] [php] Undefined variable: loginUrl (C:\wamp\www\poderDoSeuCurtir\protected\views\fb_page\index.php:47)
Stack trace:
#0 C:\wamp\www\poderDoSeuCurtir\yii_1.1.12\framework\web\CController.php(870): Fb_pageController->renderFile()
#1 C:\wamp\www\poderDoSeuCurtir\yii_1.1.12\framework\web\CController.php(783): Fb_pageController->renderPartial()
#2 C:\wamp\www\poderDoSeuCurtir\protected\controllers\Fb_pageController.php(7): Fb_pageController->render()
#3 C:\wamp\www\poderDoSeuCurtir\yii_1.1.12\framework\web\actions\CInlineAction.php(50): Fb_pageController->actionIndex()
#4 C:\wamp\www\poderDoSeuCurtir\yii_1.1.12\framework\web\CController.php(309): CInlineAction->runWithParams()
#5 C:\wamp\www\poderDoSeuCurtir\yii_1.1.12\framework\web\CController.php(287): Fb_pageController->runAction()
#6 C:\wamp\www\poderDoSeuCurtir\yii_1.1.12\framework\web\CController.php(266): Fb_pageController->runActionWithFilters()
#7 C:\wamp\www\poderDoSeuCurtir\yii_1.1.12\framework\web\CWebApplication.php(283): Fb_pageController->run()
#8 C:\wamp\www\poderDoSeuCurtir\yii_1.1.12\framework\web\CWebApplication.php(142): CWebApplication->runController()
#9 C:\wamp\www\poderDoSeuCurtir\yii_1.1.12\framework\base\CApplication.php(162): CWebApplication->processRequest()
#10 C:\wamp\www\poderDoSeuCurtir\index.php(15): CWebApplication->run()
REQUEST_URI=/poderDoSeuCurtir/fb_page/index
in C:\wamp\www\poderDoSeuCurtir\protected\views\fb_page\index.php (47)
in C:\wamp\www\poderDoSeuCurtir\protected\controllers\Fb_pageController.php (7)
in C:\wamp\www\poderDoSeuCurtir\index.php (15)
2012/09/26 17:17:58 [error] [exception.FacebookApiException] OAuthException: An active access token must be used to query information about the current user.
REQUEST_URI=/poderDoSeuCurtir/fb_page/index
---
2012/09/26 17:18:53 [error] [exception.FacebookApiException] OAuthException: An active access token must be used to query information about the current user.
REQUEST_URI=/poderDoSeuCurtir/fb_page/index
---
2012/09/26 17:19:25 [error] [exception.FacebookApiException] OAuthException: An active access token must be used to query information about the current user.
REQUEST_URI=/poderDoSeuCurtir/fb_page/index
---
2012/09/26 21:00:26 [error] [exception.FacebookApiException] OAuthException: An active access token must be used to query information about the current user.
REQUEST_URI=/poderDoSeuCurtir/fb_page/index
---
2012/09/26 21:01:14 [error] [exception.FacebookApiException] OAuthException: An active access token must be used to query information about the current user.
REQUEST_URI=/poderDoSeuCurtir/fb_page/index
---
2012/09/27 12:01:00 [error] [php] Undefined variable: loginUrl (C:\wamp\www\poderDoSeuCurtir\protected\views\fb_page\index.php:37)
Stack trace:
#0 C:\wamp\www\poderDoSeuCurtir\yii_1.1.12\framework\web\CController.php(870): Fb_pageController->renderFile()
#1 C:\wamp\www\poderDoSeuCurtir\yii_1.1.12\framework\web\CController.php(783): Fb_pageController->renderPartial()
#2 C:\wamp\www\poderDoSeuCurtir\protected\controllers\Fb_pageController.php(8): Fb_pageController->render()
#3 C:\wamp\www\poderDoSeuCurtir\yii_1.1.12\framework\web\actions\CInlineAction.php(50): Fb_pageController->actionIndex()
#4 C:\wamp\www\poderDoSeuCurtir\yii_1.1.12\framework\web\CController.php(309): CInlineAction->runWithParams()
#5 C:\wamp\www\poderDoSeuCurtir\yii_1.1.12\framework\web\CController.php(287): Fb_pageController->runAction()
#6 C:\wamp\www\poderDoSeuCurtir\yii_1.1.12\framework\web\CController.php(266): Fb_pageController->runActionWithFilters()
#7 C:\wamp\www\poderDoSeuCurtir\yii_1.1.12\framework\web\CWebApplication.php(283): Fb_pageController->run()
#8 C:\wamp\www\poderDoSeuCurtir\yii_1.1.12\framework\web\CWebApplication.php(142): CWebApplication->runController()
#9 C:\wamp\www\poderDoSeuCurtir\yii_1.1.12\framework\base\CApplication.php(162): CWebApplication->processRequest()
#10 C:\wamp\www\poderDoSeuCurtir\index.php(15): CWebApplication->run()
REQUEST_URI=/poderDoSeuCurtir/fb_page/index
in C:\wamp\www\poderDoSeuCurtir\protected\views\fb_page\index.php (37)
in C:\wamp\www\poderDoSeuCurtir\protected\controllers\Fb_pageController.php (8)
in C:\wamp\www\poderDoSeuCurtir\index.php (15)
2012/09/27 12:44:27 [error] [php] Undefined variable: loginUrl (C:\wamp\www\poderDoSeuCurtir\protected\controllers\Fb_pageController.php:58)
Stack trace:
#0 C:\wamp\www\poderDoSeuCurtir\yii_1.1.12\framework\web\CBaseController.php(96): Fb_pageController->renderInternal()
#1 C:\wamp\www\poderDoSeuCurtir\yii_1.1.12\framework\web\CController.php(870): Fb_pageController->renderFile()
#2 C:\wamp\www\poderDoSeuCurtir\yii_1.1.12\framework\web\CController.php(783): Fb_pageController->renderPartial()
#3 C:\wamp\www\poderDoSeuCurtir\protected\controllers\Fb_pageController.php(8): Fb_pageController->render()
#4 C:\wamp\www\poderDoSeuCurtir\yii_1.1.12\framework\web\actions\CInlineAction.php(50): Fb_pageController->actionIndex()
#5 C:\wamp\www\poderDoSeuCurtir\yii_1.1.12\framework\web\CController.php(309): CInlineAction->runWithParams()
#6 C:\wamp\www\poderDoSeuCurtir\yii_1.1.12\framework\web\CController.php(287): Fb_pageController->runAction()
#7 C:\wamp\www\poderDoSeuCurtir\yii_1.1.12\framework\web\CController.php(266): Fb_pageController->runActionWithFilters()
#8 C:\wamp\www\poderDoSeuCurtir\yii_1.1.12\framework\web\CWebApplication.php(283): Fb_pageController->run()
#9 C:\wamp\www\poderDoSeuCurtir\yii_1.1.12\framework\web\CWebApplication.php(142): CWebApplication->runController()
#10 C:\wamp\www\poderDoSeuCurtir\yii_1.1.12\framework\base\CApplication.php(162): CWebApplication->processRequest()
#11 C:\wamp\www\poderDoSeuCurtir\index.php(15): CWebApplication->run()
REQUEST_URI=/poderDoSeuCurtir/fb_page/index
in C:\wamp\www\poderDoSeuCurtir\protected\controllers\Fb_pageController.php (58)
in C:\wamp\www\poderDoSeuCurtir\protected\views\fb_page\index.php (18)
in C:\wamp\www\poderDoSeuCurtir\protected\controllers\Fb_pageController.php (8)
2012/09/27 12:55:52 [error] [php] Undefined variable: loginUrl (C:\wamp\www\poderDoSeuCurtir\protected\views\fb_page\index.php:22)
Stack trace:
#0 C:\wamp\www\poderDoSeuCurtir\yii_1.1.12\framework\web\CController.php(870): Fb_pageController->renderFile()
#1 C:\wamp\www\poderDoSeuCurtir\yii_1.1.12\framework\web\CController.php(783): Fb_pageController->renderPartial()
#2 C:\wamp\www\poderDoSeuCurtir\protected\controllers\Fb_pageController.php(8): Fb_pageController->render()
#3 C:\wamp\www\poderDoSeuCurtir\yii_1.1.12\framework\web\actions\CInlineAction.php(50): Fb_pageController->actionIndex()
#4 C:\wamp\www\poderDoSeuCurtir\yii_1.1.12\framework\web\CController.php(309): CInlineAction->runWithParams()
#5 C:\wamp\www\poderDoSeuCurtir\yii_1.1.12\framework\web\CController.php(287): Fb_pageController->runAction()
#6 C:\wamp\www\poderDoSeuCurtir\yii_1.1.12\framework\web\CController.php(266): Fb_pageController->runActionWithFilters()
#7 C:\wamp\www\poderDoSeuCurtir\yii_1.1.12\framework\web\CWebApplication.php(283): Fb_pageController->run()
#8 C:\wamp\www\poderDoSeuCurtir\yii_1.1.12\framework\web\CWebApplication.php(142): CWebApplication->runController()
#9 C:\wamp\www\poderDoSeuCurtir\yii_1.1.12\framework\base\CApplication.php(162): CWebApplication->processRequest()
#10 C:\wamp\www\poderDoSeuCurtir\index.php(15): CWebApplication->run()
REQUEST_URI=/poderDoSeuCurtir/fb_page/index
in C:\wamp\www\poderDoSeuCurtir\protected\views\fb_page\index.php (22)
in C:\wamp\www\poderDoSeuCurtir\protected\controllers\Fb_pageController.php (8)
in C:\wamp\www\poderDoSeuCurtir\index.php (15)
2012/10/01 15:00:30 [error] [php] Undefined variable: loginUrl (C:\wamp\www\poderDoSeuCurtir\protected\views\fb_page\index.php:24)
Stack trace:
#0 C:\wamp\www\poderDoSeuCurtir\yii_1.1.12\framework\web\CController.php(870): Fb_pageController->renderFile()
#1 C:\wamp\www\poderDoSeuCurtir\yii_1.1.12\framework\web\CController.php(783): Fb_pageController->renderPartial()
#2 C:\wamp\www\poderDoSeuCurtir\protected\controllers\Fb_pageController.php(17): Fb_pageController->render()
#3 C:\wamp\www\poderDoSeuCurtir\yii_1.1.12\framework\web\actions\CInlineAction.php(50): Fb_pageController->actionIndex()
#4 C:\wamp\www\poderDoSeuCurtir\yii_1.1.12\framework\web\CController.php(309): CInlineAction->runWithParams()
#5 C:\wamp\www\poderDoSeuCurtir\yii_1.1.12\framework\web\CController.php(287): Fb_pageController->runAction()
#6 C:\wamp\www\poderDoSeuCurtir\yii_1.1.12\framework\web\CController.php(266): Fb_pageController->runActionWithFilters()
#7 C:\wamp\www\poderDoSeuCurtir\yii_1.1.12\framework\web\CWebApplication.php(283): Fb_pageController->run()
#8 C:\wamp\www\poderDoSeuCurtir\yii_1.1.12\framework\web\CWebApplication.php(142): CWebApplication->runController()
#9 C:\wamp\www\poderDoSeuCurtir\yii_1.1.12\framework\base\CApplication.php(162): CWebApplication->processRequest()
#10 C:\wamp\www\poderDoSeuCurtir\index.php(16): CWebApplication->run()
REQUEST_URI=/poderDoSeuCurtir/index.php/fb_page/index
in C:\wamp\www\poderDoSeuCurtir\protected\views\fb_page\index.php (24)
in C:\wamp\www\poderDoSeuCurtir\protected\controllers\Fb_pageController.php (17)
in C:\wamp\www\poderDoSeuCurtir\index.php (16)
2012/10/03 14:21:07 [error] [php] Trying to get property of non-object (C:\wamp\www\poderDoSeuCurtir\protected\controllers\Fb_pageController.php:133)
Stack trace:
#0 C:\wamp\www\poderDoSeuCurtir\yii_1.1.12\framework\web\CController.php(309): CInlineAction->runWithParams()
#1 C:\wamp\www\poderDoSeuCurtir\yii_1.1.12\framework\web\CController.php(287): Fb_pageController->runAction()
#2 C:\wamp\www\poderDoSeuCurtir\yii_1.1.12\framework\web\CController.php(266): Fb_pageController->runActionWithFilters()
#3 C:\wamp\www\poderDoSeuCurtir\yii_1.1.12\framework\web\CWebApplication.php(283): Fb_pageController->run()
#4 C:\wamp\www\poderDoSeuCurtir\yii_1.1.12\framework\web\CWebApplication.php(142): CWebApplication->runController()
#5 C:\wamp\www\poderDoSeuCurtir\yii_1.1.12\framework\base\CApplication.php(162): CWebApplication->processRequest()
#6 C:\wamp\www\poderDoSeuCurtir\index.php(16): CWebApplication->run()
REQUEST_URI=/poderDoSeuCurtir/index.php/fb_page/index
in C:\wamp\www\poderDoSeuCurtir\protected\controllers\Fb_pageController.php (133)
in C:\wamp\www\poderDoSeuCurtir\protected\controllers\Fb_pageController.php (8)
in C:\wamp\www\poderDoSeuCurtir\index.php (16)
2012/10/03 14:27:01 [error] [php] Undefined variable: loginUrl (C:\wamp\www\poderDoSeuCurtir\protected\controllers\Fb_pageController.php:26)
Stack trace:
#0 C:\wamp\www\poderDoSeuCurtir\yii_1.1.12\framework\web\CController.php(287): Fb_pageController->runAction()
#1 C:\wamp\www\poderDoSeuCurtir\yii_1.1.12\framework\web\CController.php(266): Fb_pageController->runActionWithFilters()
#2 C:\wamp\www\poderDoSeuCurtir\yii_1.1.12\framework\web\CWebApplication.php(283): Fb_pageController->run()
#3 C:\wamp\www\poderDoSeuCurtir\yii_1.1.12\framework\web\CWebApplication.php(142): CWebApplication->runController()
#4 C:\wamp\www\poderDoSeuCurtir\yii_1.1.12\framework\base\CApplication.php(162): CWebApplication->processRequest()
#5 C:\wamp\www\poderDoSeuCurtir\index.php(16): CWebApplication->run()
REQUEST_URI=/poderDoSeuCurtir/index.php/fb_page/index
in C:\wamp\www\poderDoSeuCurtir\protected\controllers\Fb_pageController.php (26)
in C:\wamp\www\poderDoSeuCurtir\index.php (16)
2012/10/03 15:41:27 [error] [php] Undefined variable: loginUrl (C:\wamp\www\poderDoSeuCurtir\protected\views\fb_page\index.php:14)
Stack trace:
#0 C:\wamp\www\poderDoSeuCurtir\yii_1.1.12\framework\web\CController.php(870): Fb_pageController->renderFile()
#1 C:\wamp\www\poderDoSeuCurtir\yii_1.1.12\framework\web\CController.php(783): Fb_pageController->renderPartial()
#2 C:\wamp\www\poderDoSeuCurtir\protected\controllers\Fb_pageController.php(29): Fb_pageController->render()
#3 C:\wamp\www\poderDoSeuCurtir\yii_1.1.12\framework\web\actions\CInlineAction.php(50): Fb_pageController->actionIndex()
#4 C:\wamp\www\poderDoSeuCurtir\yii_1.1.12\framework\web\CController.php(309): CInlineAction->runWithParams()
#5 C:\wamp\www\poderDoSeuCurtir\yii_1.1.12\framework\web\CController.php(287): Fb_pageController->runAction()
#6 C:\wamp\www\poderDoSeuCurtir\yii_1.1.12\framework\web\CController.php(266): Fb_pageController->runActionWithFilters()
#7 C:\wamp\www\poderDoSeuCurtir\yii_1.1.12\framework\web\CWebApplication.php(283): Fb_pageController->run()
#8 C:\wamp\www\poderDoSeuCurtir\yii_1.1.12\framework\web\CWebApplication.php(142): CWebApplication->runController()
#9 C:\wamp\www\poderDoSeuCurtir\yii_1.1.12\framework\base\CApplication.php(162): CWebApplication->processRequest()
#10 C:\wamp\www\poderDoSeuCurtir\index.php(16): CWebApplication->run()
REQUEST_URI=/poderDoSeuCurtir/index.php/fb_page/index
in C:\wamp\www\poderDoSeuCurtir\protected\views\fb_page\index.php (14)
in C:\wamp\www\poderDoSeuCurtir\protected\controllers\Fb_pageController.php (29)
in C:\wamp\www\poderDoSeuCurtir\index.php (16)
2012/10/03 15:41:37 [error] [php] Undefined variable: auth (C:\wamp\www\poderDoSeuCurtir\protected\controllers\Fb_pageController.php:16)
Stack trace:
#0 C:\wamp\www\poderDoSeuCurtir\yii_1.1.12\framework\web\CController.php(287): Fb_pageController->runAction()
#1 C:\wamp\www\poderDoSeuCurtir\yii_1.1.12\framework\web\CController.php(266): Fb_pageController->runActionWithFilters()
#2 C:\wamp\www\poderDoSeuCurtir\yii_1.1.12\framework\web\CWebApplication.php(283): Fb_pageController->run()
#3 C:\wamp\www\poderDoSeuCurtir\yii_1.1.12\framework\web\CWebApplication.php(142): CWebApplication->runController()
#4 C:\wamp\www\poderDoSeuCurtir\yii_1.1.12\framework\base\CApplication.php(162): CWebApplication->processRequest()
#5 C:\wamp\www\poderDoSeuCurtir\index.php(16): CWebApplication->run()
REQUEST_URI=/poderDoSeuCurtir/index.php/fb_page/index
in C:\wamp\www\poderDoSeuCurtir\protected\controllers\Fb_pageController.php (16)
in C:\wamp\www\poderDoSeuCurtir\index.php (16)
2012/10/03 15:41:57 [error] [php] Undefined variable: loginUrl (C:\wamp\www\poderDoSeuCurtir\protected\views\fb_page\index.php:14)
Stack trace:
#0 C:\wamp\www\poderDoSeuCurtir\yii_1.1.12\framework\web\CController.php(870): Fb_pageController->renderFile()
#1 C:\wamp\www\poderDoSeuCurtir\yii_1.1.12\framework\web\CController.php(783): Fb_pageController->renderPartial()
#2 C:\wamp\www\poderDoSeuCurtir\protected\controllers\Fb_pageController.php(29): Fb_pageController->render()
#3 C:\wamp\www\poderDoSeuCurtir\yii_1.1.12\framework\web\actions\CInlineAction.php(50): Fb_pageController->actionIndex()
#4 C:\wamp\www\poderDoSeuCurtir\yii_1.1.12\framework\web\CController.php(309): CInlineAction->runWithParams()
#5 C:\wamp\www\poderDoSeuCurtir\yii_1.1.12\framework\web\CController.php(287): Fb_pageController->runAction()
#6 C:\wamp\www\poderDoSeuCurtir\yii_1.1.12\framework\web\CController.php(266): Fb_pageController->runActionWithFilters()
#7 C:\wamp\www\poderDoSeuCurtir\yii_1.1.12\framework\web\CWebApplication.php(283): Fb_pageController->run()
#8 C:\wamp\www\poderDoSeuCurtir\yii_1.1.12\framework\web\CWebApplication.php(142): CWebApplication->runController()
#9 C:\wamp\www\poderDoSeuCurtir\yii_1.1.12\framework\base\CApplication.php(162): CWebApplication->processRequest()
#10 C:\wamp\www\poderDoSeuCurtir\index.php(16): CWebApplication->run()
REQUEST_URI=/poderDoSeuCurtir/index.php/fb_page/index
in C:\wamp\www\poderDoSeuCurtir\protected\views\fb_page\index.php (14)
in C:\wamp\www\poderDoSeuCurtir\protected\controllers\Fb_pageController.php (29)
in C:\wamp\www\poderDoSeuCurtir\index.php (16)
2012/10/05 13:50:53 [error] [php] Trying to get property of non-object (C:\wamp\www\poderDoSeuCurtir\protected\controllers\Fb_pageController.php:152)
Stack trace:
#0 C:\wamp\www\poderDoSeuCurtir\yii_1.1.12\framework\web\CController.php(309): CInlineAction->runWithParams()
#1 C:\wamp\www\poderDoSeuCurtir\yii_1.1.12\framework\web\CController.php(287): Fb_pageController->runAction()
#2 C:\wamp\www\poderDoSeuCurtir\yii_1.1.12\framework\web\CController.php(266): Fb_pageController->runActionWithFilters()
#3 C:\wamp\www\poderDoSeuCurtir\yii_1.1.12\framework\web\CWebApplication.php(283): Fb_pageController->run()
#4 C:\wamp\www\poderDoSeuCurtir\yii_1.1.12\framework\web\CWebApplication.php(142): CWebApplication->runController()
#5 C:\wamp\www\poderDoSeuCurtir\yii_1.1.12\framework\base\CApplication.php(162): CWebApplication->processRequest()
#6 C:\wamp\www\poderDoSeuCurtir\index.php(16): CWebApplication->run()
REQUEST_URI=/poderDoSeuCurtir/index.php/fb_page/index
in C:\wamp\www\poderDoSeuCurtir\protected\controllers\Fb_pageController.php (152)
in C:\wamp\www\poderDoSeuCurtir\protected\controllers\Fb_pageController.php (9)
in C:\wamp\www\poderDoSeuCurtir\index.php (16)
2012/10/05 14:45:12 [error] [php] Trying to get property of non-object (C:\wamp\www\poderDoSeuCurtir\protected\controllers\Fb_pageController.php:152)
Stack trace:
#0 C:\wamp\www\poderDoSeuCurtir\yii_1.1.12\framework\web\CController.php(309): CInlineAction->runWithParams()
#1 C:\wamp\www\poderDoSeuCurtir\yii_1.1.12\framework\web\CController.php(287): Fb_pageController->runAction()
#2 C:\wamp\www\poderDoSeuCurtir\yii_1.1.12\framework\web\CController.php(266): Fb_pageController->runActionWithFilters()
#3 C:\wamp\www\poderDoSeuCurtir\yii_1.1.12\framework\web\CWebApplication.php(283): Fb_pageController->run()
#4 C:\wamp\www\poderDoSeuCurtir\yii_1.1.12\framework\web\CWebApplication.php(142): CWebApplication->runController()
#5 C:\wamp\www\poderDoSeuCurtir\yii_1.1.12\framework\base\CApplication.php(162): CWebApplication->processRequest()
#6 C:\wamp\www\poderDoSeuCurtir\index.php(16): CWebApplication->run()
REQUEST_URI=/poderDoSeuCurtir/index.php/fb_page/index
in C:\wamp\www\poderDoSeuCurtir\protected\controllers\Fb_pageController.php (152)
in C:\wamp\www\poderDoSeuCurtir\protected\controllers\Fb_pageController.php (9)
in C:\wamp\www\poderDoSeuCurtir\index.php (16)
2012/10/05 14:58:55 [error] [php] Trying to get property of non-object (C:\wamp\www\poderDoSeuCurtir\protected\controllers\Fb_pageController.php:152)
Stack trace:
#0 C:\wamp\www\poderDoSeuCurtir\yii_1.1.12\framework\web\CController.php(309): CInlineAction->runWithParams()
#1 C:\wamp\www\poderDoSeuCurtir\yii_1.1.12\framework\web\CController.php(287): Fb_pageController->runAction()
#2 C:\wamp\www\poderDoSeuCurtir\yii_1.1.12\framework\web\CController.php(266): Fb_pageController->runActionWithFilters()
#3 C:\wamp\www\poderDoSeuCurtir\yii_1.1.12\framework\web\CWebApplication.php(283): Fb_pageController->run()
#4 C:\wamp\www\poderDoSeuCurtir\yii_1.1.12\framework\web\CWebApplication.php(142): CWebApplication->runController()
#5 C:\wamp\www\poderDoSeuCurtir\yii_1.1.12\framework\base\CApplication.php(162): CWebApplication->processRequest()
#6 C:\wamp\www\poderDoSeuCurtir\index.php(16): CWebApplication->run()
REQUEST_URI=/poderDoSeuCurtir/index.php/fb_page/index
in C:\wamp\www\poderDoSeuCurtir\protected\controllers\Fb_pageController.php (152)
in C:\wamp\www\poderDoSeuCurtir\protected\controllers\Fb_pageController.php (9)
in C:\wamp\www\poderDoSeuCurtir\index.php (16)
2012/10/10 03:17:55 [error] [php] htmlspecialchars() expects parameter 1 to be string, array given (E:\home\msf3\Web\poderdocurtir\yii_1.1.12\framework\web\helpers\CHtml.php:85)
Stack trace:
#0 E:\home\msf3\Web\poderdocurtir\yii_1.1.12\framework\web\helpers\CHtml.php(140): renderAttributes()
#1 E:\home\msf3\Web\poderdocurtir\yii_1.1.12\framework\web\helpers\CHtml.php(1890): tag()
#2 E:\home\msf3\Web\poderdocurtir\yii_1.1.12\framework\web\helpers\CHtml.php(1217): activeInputField()
#3 E:\home\msf3\Web\poderdocurtir\yii_1.1.12\framework\web\widgets\CActiveForm.php(658): activeTextField()
#4 E:\home\msf3\Web\poderdocurtir\protected\views\fb_page\fanpage.php(106): CActiveForm->textField()
#5 E:\home\msf3\Web\poderdocurtir\yii_1.1.12\framework\web\CBaseController.php(127): require()
#6 E:\home\msf3\Web\poderdocurtir\yii_1.1.12\framework\web\CBaseController.php(96): Fb_pageController->renderInternal()
#7 E:\home\msf3\Web\poderdocurtir\yii_1.1.12\framework\web\CController.php(870): Fb_pageController->renderFile()
#8 E:\home\msf3\Web\poderdocurtir\yii_1.1.12\framework\web\CController.php(783): Fb_pageController->renderPartial()
#9 E:\home\msf3\Web\poderdocurtir\protected\controllers\Fb_pageController.php(122): Fb_pageController->render()
#10 E:\home\msf3\Web\poderdocurtir\yii_1.1.12\framework\web\actions\CInlineAction.php(50): Fb_pageController->actionFanpage()
#11 E:\home\msf3\Web\poderdocurtir\yii_1.1.12\framework\web\CController.php(309): CInlineAction->runWithParams()
#12 E:\home\msf3\Web\poderdocurtir\yii_1.1.12\framework\web\CController.php(287): Fb_pageController->runAction()
#13 E:\home\msf3\Web\poderdocurtir\yii_1.1.12\framework\web\CController.php(266): Fb_pageController->runActionWithFilters()
#14 E:\home\msf3\Web\poderdocurtir\yii_1.1.12\framework\web\CWebApplication.php(283): Fb_pageController->run()
#15 E:\home\msf3\Web\poderdocurtir\yii_1.1.12\framework\web\CWebApplication.php(142): CWebApplication->runController()
#16 E:\home\msf3\Web\poderdocurtir\yii_1.1.12\framework\base\CApplication.php(162): CWebApplication->processRequest()
#17 E:\home\msf3\Web\poderdocurtir\index.php(17): CWebApplication->run()
REQUEST_URI=/poderdocurtir/index.php/fb_page/fanpage
in E:\home\msf3\Web\poderdocurtir\protected\views\fb_page\fanpage.php (106)
in E:\home\msf3\Web\poderdocurtir\protected\controllers\Fb_pageController.php (122)
in E:\home\msf3\Web\poderdocurtir\index.php (17)
2012/10/10 03:51:58 [error] [exception.CException] exception 'CException' with message 'CActiveForm and its behaviors do not have a method or closure named "submitButton".' in E:\home\msf3\Web\poderdocurtir\yii_1.1.12\framework\base\CComponent.php:266
Stack trace:
#0 E:\home\msf3\Web\poderdocurtir\protected\views\fb_page\fanpage.php(134): CComponent->__call('submitButton', Array)
#1 E:\home\msf3\Web\poderdocurtir\protected\views\fb_page\fanpage.php(134): CActiveForm->submitButton('', Array)
#2 E:\home\msf3\Web\poderdocurtir\yii_1.1.12\framework\web\CBaseController.php(127): require('E:\home\msf3\We...')
#3 E:\home\msf3\Web\poderdocurtir\yii_1.1.12\framework\web\CBaseController.php(96): CBaseController->renderInternal('E:\home\msf3\We...', Array, true)
#4 E:\home\msf3\Web\poderdocurtir\yii_1.1.12\framework\web\CController.php(870): CBaseController->renderFile('E:\home\msf3\We...', Array, true)
#5 E:\home\msf3\Web\poderdocurtir\yii_1.1.12\framework\web\CController.php(783): CController->renderPartial('fanpage', Array, true)
#6 E:\home\msf3\Web\poderdocurtir\protected\controllers\Fb_pageController.php(122): CController->render('fanpage', Array)
#7 E:\home\msf3\Web\poderdocurtir\yii_1.1.12\framework\web\actions\CInlineAction.php(50): Fb_pageController->actionFanpage()
#8 E:\home\msf3\Web\poderdocurtir\yii_1.1.12\framework\web\CController.php(309): CInlineAction->runWithParams(Array)
#9 E:\home\msf3\Web\poderdocurtir\yii_1.1.12\framework\web\CController.php(287): CController->runAction(Object(CInlineAction))
#10 E:\home\msf3\Web\poderdocurtir\yii_1.1.12\framework\web\CController.php(266): CController->runActionWithFilters(Object(CInlineAction), Array)
#11 E:\home\msf3\Web\poderdocurtir\yii_1.1.12\framework\web\CWebApplication.php(283): CController->run('fanpage')
#12 E:\home\msf3\Web\poderdocurtir\yii_1.1.12\framework\web\CWebApplication.php(142): CWebApplication->runController('fb_page/fanpage')
#13 E:\home\msf3\Web\poderdocurtir\yii_1.1.12\framework\base\CApplication.php(162): CWebApplication->processRequest()
#14 E:\home\msf3\Web\poderdocurtir\index.php(17): CApplication->run()
#15 {main}
REQUEST_URI=/poderdocurtir/index.php/fb_page/fanpage
HTTP_REFERER=https://www.msf.org.br/poderdocurtir/index.php/fb_page/fanpage
---
2012/10/10 04:16:13 [error] [system.db.CDbCommand] CDbCommand::execute() failed: SQLSTATE[23000]: Integrity constraint violation: 1062 Duplicate entry '0' for key 'PRIMARY'. The SQL statement executed was: INSERT INTO `usuarionewsletter` (`nome`, `email`, `cidade`, `uf`, `jahFezDoacoes`) VALUES (:yp0, :yp1, :yp2, :yp3, :yp4).
in E:\home\msf3\Web\poderdocurtir\protected\controllers\Fb_pageController.php (57)
in E:\home\msf3\Web\poderdocurtir\index.php (17)
2012/10/10 04:16:13 [error] [exception.CDbException] exception 'CDbException' with message 'CDbCommand failed to execute the SQL statement: SQLSTATE[23000]: Integrity constraint violation: 1062 Duplicate entry '0' for key 'PRIMARY'. The SQL statement executed was: INSERT INTO `usuarionewsletter` (`nome`, `email`, `cidade`, `uf`, `jahFezDoacoes`) VALUES (:yp0, :yp1, :yp2, :yp3, :yp4)' in E:\home\msf3\Web\poderdocurtir\yii_1.1.12\framework\db\CDbCommand.php:354
Stack trace:
#0 E:\home\msf3\Web\poderdocurtir\yii_1.1.12\framework\db\ar\CActiveRecord.php(1017): CDbCommand->execute()
#1 E:\home\msf3\Web\poderdocurtir\yii_1.1.12\framework\db\ar\CActiveRecord.php(796): CActiveRecord->insert(NULL)
#2 E:\home\msf3\Web\poderdocurtir\protected\controllers\Fb_pageController.php(57): CActiveRecord->save()
#3 E:\home\msf3\Web\poderdocurtir\yii_1.1.12\framework\web\actions\CInlineAction.php(50): Fb_pageController->actionFanpage()
#4 E:\home\msf3\Web\poderdocurtir\yii_1.1.12\framework\web\CController.php(309): CInlineAction->runWithParams(Array)
#5 E:\home\msf3\Web\poderdocurtir\yii_1.1.12\framework\web\CController.php(287): CController->runAction(Object(CInlineAction))
#6 E:\home\msf3\Web\poderdocurtir\yii_1.1.12\framework\web\CController.php(266): CController->runActionWithFilters(Object(CInlineAction), Array)
#7 E:\home\msf3\Web\poderdocurtir\yii_1.1.12\framework\web\CWebApplication.php(283): CController->run('fanpage')
#8 E:\home\msf3\Web\poderdocurtir\yii_1.1.12\framework\web\CWebApplication.php(142): CWebApplication->runController('fb_page/fanpage')
#9 E:\home\msf3\Web\poderdocurtir\yii_1.1.12\framework\base\CApplication.php(162): CWebApplication->processRequest()
#10 E:\home\msf3\Web\poderdocurtir\index.php(17): CApplication->run()
#11 {main}
REQUEST_URI=/poderdocurtir/index.php/fb_page/fanpage
HTTP_REFERER=https://www.msf.org.br/poderdocurtir/index.php/fb_page/fanpage
---
2012/10/10 04:23:12 [error] [system.db.CDbCommand] CDbCommand::execute() failed: SQLSTATE[23000]: Integrity constraint violation: 1062 Duplicate entry '0' for key 'Id'. The SQL statement executed was: INSERT INTO `usuarionewsletter` (`nome`, `email`, `cidade`, `uf`, `jahFezDoacoes`) VALUES (:yp0, :yp1, :yp2, :yp3, :yp4).
in E:\home\msf3\Web\poderdocurtir\protected\controllers\Fb_pageController.php (57)
in E:\home\msf3\Web\poderdocurtir\index.php (17)
2012/10/10 04:23:12 [error] [exception.CDbException] exception 'CDbException' with message 'CDbCommand failed to execute the SQL statement: SQLSTATE[23000]: Integrity constraint violation: 1062 Duplicate entry '0' for key 'Id'. The SQL statement executed was: INSERT INTO `usuarionewsletter` (`nome`, `email`, `cidade`, `uf`, `jahFezDoacoes`) VALUES (:yp0, :yp1, :yp2, :yp3, :yp4)' in E:\home\msf3\Web\poderdocurtir\yii_1.1.12\framework\db\CDbCommand.php:354
Stack trace:
#0 E:\home\msf3\Web\poderdocurtir\yii_1.1.12\framework\db\ar\CActiveRecord.php(1017): CDbCommand->execute()
#1 E:\home\msf3\Web\poderdocurtir\yii_1.1.12\framework\db\ar\CActiveRecord.php(796): CActiveRecord->insert(NULL)
#2 E:\home\msf3\Web\poderdocurtir\protected\controllers\Fb_pageController.php(57): CActiveRecord->save()
#3 E:\home\msf3\Web\poderdocurtir\yii_1.1.12\framework\web\actions\CInlineAction.php(50): Fb_pageController->actionFanpage()
#4 E:\home\msf3\Web\poderdocurtir\yii_1.1.12\framework\web\CController.php(309): CInlineAction->runWithParams(Array)
#5 E:\home\msf3\Web\poderdocurtir\yii_1.1.12\framework\web\CController.php(287): CController->runAction(Object(CInlineAction))
#6 E:\home\msf3\Web\poderdocurtir\yii_1.1.12\framework\web\CController.php(266): CController->runActionWithFilters(Object(CInlineAction), Array)
#7 E:\home\msf3\Web\poderdocurtir\yii_1.1.12\framework\web\CWebApplication.php(283): CController->run('fanpage')
#8 E:\home\msf3\Web\poderdocurtir\yii_1.1.12\framework\web\CWebApplication.php(142): CWebApplication->runController('fb_page/fanpage')
#9 E:\home\msf3\Web\poderdocurtir\yii_1.1.12\framework\base\CApplication.php(162): CWebApplication->processRequest()
#10 E:\home\msf3\Web\poderdocurtir\index.php(17): CApplication->run()
#11 {main}
REQUEST_URI=/poderdocurtir/index.php/fb_page/fanpage
HTTP_REFERER=https://www.msf.org.br/poderdocurtir/index.php/fb_page/fanpage
---
2012/10/10 04:23:18 [error] [system.db.CDbCommand] CDbCommand::execute() failed: SQLSTATE[23000]: Integrity constraint violation: 1062 Duplicate entry '0' for key 'Id'. The SQL statement executed was: INSERT INTO `usuarionewsletter` (`nome`, `email`, `cidade`, `uf`, `jahFezDoacoes`) VALUES (:yp0, :yp1, :yp2, :yp3, :yp4).
in E:\home\msf3\Web\poderdocurtir\protected\controllers\Fb_pageController.php (57)
in E:\home\msf3\Web\poderdocurtir\index.php (17)
2012/10/10 04:23:18 [error] [exception.CDbException] exception 'CDbException' with message 'CDbCommand failed to execute the SQL statement: SQLSTATE[23000]: Integrity constraint violation: 1062 Duplicate entry '0' for key 'Id'. The SQL statement executed was: INSERT INTO `usuarionewsletter` (`nome`, `email`, `cidade`, `uf`, `jahFezDoacoes`) VALUES (:yp0, :yp1, :yp2, :yp3, :yp4)' in E:\home\msf3\Web\poderdocurtir\yii_1.1.12\framework\db\CDbCommand.php:354
Stack trace:
#0 E:\home\msf3\Web\poderdocurtir\yii_1.1.12\framework\db\ar\CActiveRecord.php(1017): CDbCommand->execute()
#1 E:\home\msf3\Web\poderdocurtir\yii_1.1.12\framework\db\ar\CActiveRecord.php(796): CActiveRecord->insert(NULL)
#2 E:\home\msf3\Web\poderdocurtir\protected\controllers\Fb_pageController.php(57): CActiveRecord->save()
#3 E:\home\msf3\Web\poderdocurtir\yii_1.1.12\framework\web\actions\CInlineAction.php(50): Fb_pageController->actionFanpage()
#4 E:\home\msf3\Web\poderdocurtir\yii_1.1.12\framework\web\CController.php(309): CInlineAction->runWithParams(Array)
#5 E:\home\msf3\Web\poderdocurtir\yii_1.1.12\framework\web\CController.php(287): CController->runAction(Object(CInlineAction))
#6 E:\home\msf3\Web\poderdocurtir\yii_1.1.12\framework\web\CController.php(266): CController->runActionWithFilters(Object(CInlineAction), Array)
#7 E:\home\msf3\Web\poderdocurtir\yii_1.1.12\framework\web\CWebApplication.php(283): CController->run('fanpage')
#8 E:\home\msf3\Web\poderdocurtir\yii_1.1.12\framework\web\CWebApplication.php(142): CWebApplication->runController('fb_page/fanpage')
#9 E:\home\msf3\Web\poderdocurtir\yii_1.1.12\framework\base\CApplication.php(162): CWebApplication->processRequest()
#10 E:\home\msf3\Web\poderdocurtir\index.php(17): CApplication->run()
#11 {main}
REQUEST_URI=/poderdocurtir/index.php/fb_page/fanpage
HTTP_REFERER=https://www.msf.org.br/poderdocurtir/index.php/fb_page/fanpage
---
2012/10/10 10:58:53 [error] [exception.FacebookApiException] OAuthException: An active access token must be used to query information about the current user.
REQUEST_URI=/poderdocurtir/index.php/fb_page/fanpage?app_data=null
HTTP_REFERER=https://s-static.ak.facebook.com/platform/page_proxy.php?v=5
---
2012/10/10 12:21:12 [error] [exception.FacebookApiException] OAuthException: An active access token must be used to query information about the current user.
REQUEST_URI=/poderdocurtir/index.php/fb_page/fanpage
HTTP_REFERER=https://www.msf.org.br/poderdocurtir/index.php/fb_page/index
---
2012/10/10 12:24:51 [error] [exception.FacebookApiException] OAuthException: An active access token must be used to query information about the current user.
REQUEST_URI=/poderdocurtir/index.php/fb_page/fanpage
HTTP_REFERER=https://www.msf.org.br/poderdocurtir/index.php/fb_page/index
---
2012/10/10 12:30:33 [error] [exception.FacebookApiException] OAuthException: Error validating access token: The session was invalidated explicitly using an API call.
REQUEST_URI=/poderdocurtir/index.php/fb_page/fanpage
HTTP_REFERER=https://www.msf.org.br/poderdocurtir/index.php/fb_page/index
---
2012/10/10 13:23:44 [error] [exception.FacebookApiException] GraphMethodException: Unsupported get request.
REQUEST_URI=/poderdocurtir/index.php/fb_page/fanpage?app_data=%7B%22userId%22%3A%22100002548638400%22%2C%22id0%22%3A%22100000336519854%22%2C%22id1%22%3A%22100002122283918%22%2C%22id2%22%3A%22100000715740958%22%7D
HTTP_REFERER=https://s-static.ak.facebook.com/platform/page_proxy.php?v=5
---
2012/10/10 13:25:36 [error] [exception.FacebookApiException] GraphMethodException: Unsupported get request.
REQUEST_URI=/poderdocurtir/index.php/fb_page/fanpage?app_data=%7B%22userId%22%3A%22100002548638400%22%2C%22id0%22%3A%22100000336519854%22%2C%22id1%22%3A%22100002122283918%22%2C%22id2%22%3A%22100000715740958%22%7D
HTTP_REFERER=https://s-static.ak.facebook.com/platform/page_proxy.php?v=5
---
2012/10/10 14:09:46 [error] [exception.FacebookApiException] OAuthException: An active access token must be used to query information about the current user.
REQUEST_URI=/poderdocurtir/index.php/fb_page/fanpage?app_data=%7B%22userId%22%3A%22100002548638400%22%2C%22id0%22%3A%22100000336519854%22%2C%22id1%22%3A%22100002122283918%22%2C%22id2%22%3A%22100000715740958%22%7D
HTTP_REFERER=https://www.msf.org.br/poderdocurtir/index.php/fb_page/fanpage?app_data=%7B%22userId%22%3A%22100002548638400%22%2C%22id0%22%3A%22100000336519854%22%2C%22id1%22%3A%22100002122283918%22%2C%22id2%22%3A%22100000715740958%22%7D
---
2012/10/10 14:19:12 [error] [exception.FacebookApiException] CurlException: 7: couldn't connect to host
REQUEST_URI=/poderdocurtir/index.php/fb_page/fanpage
HTTP_REFERER=https://www.msf.org.br/poderdocurtir/index.php/fb_page/fanpage
---
2012/10/10 14:20:29 [error] [exception.FacebookApiException] CurlException: 7: couldn't connect to host
REQUEST_URI=/poderdocurtir/index.php/fb_page/fanpage
HTTP_REFERER=https://www.msf.org.br/poderdocurtir/index.php/fb_page/fanpage
---
2012/10/10 14:42:09 [error] [exception.CException] exception 'CException' with message 'Property "CActiveForm.name" is not defined.' in E:\home\msf3\Web\poderdocurtir\yii_1.1.12\framework\base\CComponent.php:174
Stack trace:
#0 E:\home\msf3\Web\poderdocurtir\yii_1.1.12\framework\web\CWidgetFactory.php(162): CComponent->__set('name', 'Newsletter-form')
#1 E:\home\msf3\Web\poderdocurtir\yii_1.1.12\framework\web\CBaseController.php(147): CWidgetFactory->createWidget(Object(Fb_pageController), 'CActiveForm', Array)
#2 E:\home\msf3\Web\poderdocurtir\yii_1.1.12\framework\web\CBaseController.php(190): CBaseController->createWidget('CActiveForm', Array)
#3 E:\home\msf3\Web\poderdocurtir\protected\views\fb_page\fanpage.php(89): CBaseController->beginWidget('CActiveForm', Array)
#4 E:\home\msf3\Web\poderdocurtir\yii_1.1.12\framework\web\CBaseController.php(127): require('E:\home\msf3\We...')
#5 E:\home\msf3\Web\poderdocurtir\yii_1.1.12\framework\web\CBaseController.php(96): CBaseController->renderInternal('E:\home\msf3\We...', Array, true)
#6 E:\home\msf3\Web\poderdocurtir\yii_1.1.12\framework\web\CController.php(870): CBaseController->renderFile('E:\home\msf3\We...', Array, true)
#7 E:\home\msf3\Web\poderdocurtir\yii_1.1.12\framework\web\CController.php(783): CController->renderPartial('fanpage', Array, true)
#8 E:\home\msf3\Web\poderdocurtir\protected\controllers\Fb_pageController.php(113): CController->render('fanpage', Array)
#9 E:\home\msf3\Web\poderdocurtir\yii_1.1.12\framework\web\actions\CInlineAction.php(50): Fb_pageController->actionFanpage()
#10 E:\home\msf3\Web\poderdocurtir\yii_1.1.12\framework\web\CController.php(309): CInlineAction->runWithParams(Array)
#11 E:\home\msf3\Web\poderdocurtir\yii_1.1.12\framework\web\CController.php(287): CController->runAction(Object(CInlineAction))
#12 E:\home\msf3\Web\poderdocurtir\yii_1.1.12\framework\web\CController.php(266): CController->runActionWithFilters(Object(CInlineAction), Array)
#13 E:\home\msf3\Web\poderdocurtir\yii_1.1.12\framework\web\CWebApplication.php(283): CController->run('fanpage')
#14 E:\home\msf3\Web\poderdocurtir\yii_1.1.12\framework\web\CWebApplication.php(142): CWebApplication->runController('fb_page/fanpage')
#15 E:\home\msf3\Web\poderdocurtir\yii_1.1.12\framework\base\CApplication.php(162): CWebApplication->processRequest()
#16 E:\home\msf3\Web\poderdocurtir\index.php(17): CApplication->run()
#17 {main}
REQUEST_URI=/poderdocurtir/index.php/fb_page/fanpage
HTTP_REFERER=https://www.msf.org.br/poderdocurtir/index.php/fb_page/fanpage
---
2012/10/10 20:49:06 [error] [exception.CHttpException.404] exception 'CHttpException' with message 'The requested page does not exist.' in E:\home\msf3\Web\poderdocurtir\protected\controllers\NewsletterController.php:160
Stack trace:
#0 E:\home\msf3\Web\poderdocurtir\protected\controllers\NewsletterController.php(54): NewsletterController->loadModel('11234')
#1 [internal function]: NewsletterController->actionView('11234')
#2 E:\home\msf3\Web\poderdocurtir\yii_1.1.12\framework\web\actions\CAction.php(107): ReflectionMethod->invokeArgs(Object(NewsletterController), Array)
#3 E:\home\msf3\Web\poderdocurtir\yii_1.1.12\framework\web\actions\CInlineAction.php(48): CAction->runWithParamsInternal(Object(NewsletterController), Object(ReflectionMethod), Array)
#4 E:\home\msf3\Web\poderdocurtir\yii_1.1.12\framework\web\CController.php(309): CInlineAction->runWithParams(Array)
#5 E:\home\msf3\Web\poderdocurtir\yii_1.1.12\framework\web\filters\CFilterChain.php(134): CController->runAction(Object(CInlineAction))
#6 E:\home\msf3\Web\poderdocurtir\yii_1.1.12\framework\web\filters\CFilter.php(41): CFilterChain->run()
#7 E:\home\msf3\Web\poderdocurtir\yii_1.1.12\framework\web\CController.php(1146): CFilter->filter(Object(CFilterChain))
#8 E:\home\msf3\Web\poderdocurtir\yii_1.1.12\framework\web\filters\CInlineFilter.php(59): CController->filterAccessControl(Object(CFilterChain))
#9 E:\home\msf3\Web\poderdocurtir\yii_1.1.12\framework\web\filters\CFilterChain.php(131): CInlineFilter->filter(Object(CFilterChain))
#10 E:\home\msf3\Web\poderdocurtir\yii_1.1.12\framework\web\CController.php(292): CFilterChain->run()
#11 E:\home\msf3\Web\poderdocurtir\yii_1.1.12\framework\web\CController.php(266): CController->runActionWithFilters(Object(CInlineAction), Array)
#12 E:\home\msf3\Web\poderdocurtir\yii_1.1.12\framework\web\CWebApplication.php(283): CController->run('view')
#13 E:\home\msf3\Web\poderdocurtir\yii_1.1.12\framework\web\CWebApplication.php(142): CWebApplication->runController('newsletter/view')
#14 E:\home\msf3\Web\poderdocurtir\yii_1.1.12\framework\base\CApplication.php(162): CWebApplication->processRequest()
#15 E:\home\msf3\Web\poderdocurtir\index.php(17): CApplication->run()
#16 {main}
REQUEST_URI=/poderdocurtir/index.php/newsletter/11234
HTTP_REFERER=http://msf.org.br/poderdocurtir/index.php/newsletter/create
---
2012/10/11 09:16:19 [error] [php] file_get_contents() [<a href='function.file-get-contents'>function.file-get-contents</a>]: URL file-access is disabled in the server configuration (E:\home\msf3\Web\poderdocurtir\m_socialMedia.php:9)
Stack trace:
#0 E:\home\msf3\Web\poderdocurtir\yii_1.1.12\framework\web\CBaseController.php(127): require()
#1 E:\home\msf3\Web\poderdocurtir\yii_1.1.12\framework\web\CBaseController.php(96): Fb_pageController->renderInternal()
#2 E:\home\msf3\Web\poderdocurtir\yii_1.1.12\framework\web\CController.php(870): Fb_pageController->renderFile()
#3 E:\home\msf3\Web\poderdocurtir\yii_1.1.12\framework\web\CController.php(783): Fb_pageController->renderPartial()
#4 E:\home\msf3\Web\poderdocurtir\protected\controllers\Fb_pageController.php(33): Fb_pageController->render()
#5 E:\home\msf3\Web\poderdocurtir\yii_1.1.12\framework\web\actions\CInlineAction.php(50): Fb_pageController->actionIndex()
#6 E:\home\msf3\Web\poderdocurtir\yii_1.1.12\framework\web\CController.php(309): CInlineAction->runWithParams()
#7 E:\home\msf3\Web\poderdocurtir\yii_1.1.12\framework\web\CController.php(287): Fb_pageController->runAction()
#8 E:\home\msf3\Web\poderdocurtir\yii_1.1.12\framework\web\CController.php(266): Fb_pageController->runActionWithFilters()
#9 E:\home\msf3\Web\poderdocurtir\yii_1.1.12\framework\web\CWebApplication.php(283): Fb_pageController->run()
#10 E:\home\msf3\Web\poderdocurtir\yii_1.1.12\framework\web\CWebApplication.php(142): CWebApplication->runController()
#11 E:\home\msf3\Web\poderdocurtir\yii_1.1.12\framework\base\CApplication.php(162): CWebApplication->processRequest()
#12 E:\home\msf3\Web\poderdocurtir\index.php(18): CWebApplication->run()
REQUEST_URI=/poderdocurtir/index.php/fb_page/index
in E:\home\msf3\Web\poderdocurtir\m_socialMedia.php (9)
in E:\home\msf3\Web\poderdocurtir\protected\views\fb_page\index.php (18)
in E:\home\msf3\Web\poderdocurtir\protected\controllers\Fb_pageController.php (33)
2012/10/11 10:35:37 [error] [php] Object of class stdClass could not be converted to string (E:\home\msf3\Web\poderdocurtir\protected\views\fb_page\index.php:20)
Stack trace:
#0 E:\home\msf3\Web\poderdocurtir\yii_1.1.12\framework\web\CController.php(870): Fb_pageController->renderFile()
#1 E:\home\msf3\Web\poderdocurtir\yii_1.1.12\framework\web\CController.php(783): Fb_pageController->renderPartial()
#2 E:\home\msf3\Web\poderdocurtir\protected\controllers\Fb_pageController.php(30): Fb_pageController->render()
#3 E:\home\msf3\Web\poderdocurtir\yii_1.1.12\framework\web\actions\CInlineAction.php(50): Fb_pageController->actionIndex()
#4 E:\home\msf3\Web\poderdocurtir\yii_1.1.12\framework\web\CController.php(309): CInlineAction->runWithParams()
#5 E:\home\msf3\Web\poderdocurtir\yii_1.1.12\framework\web\CController.php(287): Fb_pageController->runAction()
#6 E:\home\msf3\Web\poderdocurtir\yii_1.1.12\framework\web\CController.php(266): Fb_pageController->runActionWithFilters()
#7 E:\home\msf3\Web\poderdocurtir\yii_1.1.12\framework\web\CWebApplication.php(283): Fb_pageController->run()
#8 E:\home\msf3\Web\poderdocurtir\yii_1.1.12\framework\web\CWebApplication.php(142): CWebApplication->runController()
#9 E:\home\msf3\Web\poderdocurtir\yii_1.1.12\framework\base\CApplication.php(162): CWebApplication->processRequest()
#10 E:\home\msf3\Web\poderdocurtir\index.php(18): CWebApplication->run()
REQUEST_URI=/poderdocurtir/index.php/fb_page/index
in E:\home\msf3\Web\poderdocurtir\protected\views\fb_page\index.php (20)
in E:\home\msf3\Web\poderdocurtir\protected\controllers\Fb_pageController.php (30)
in E:\home\msf3\Web\poderdocurtir\index.php (18)
2012/10/11 11:55:04 [error] [php] Invalid argument supplied for foreach() (E:\home\msf3\Web\poderdocurtir\yii_1.1.12\framework\web\helpers\CHtml.php:1960)
Stack trace:
#0 E:\home\msf3\Web\poderdocurtir\protected\views\fb_page\index.php(72): CActiveForm->dropDownList()
#1 E:\home\msf3\Web\poderdocurtir\yii_1.1.12\framework\web\CBaseController.php(127): require()
#2 E:\home\msf3\Web\poderdocurtir\yii_1.1.12\framework\web\CBaseController.php(96): Fb_pageController->renderInternal()
#3 E:\home\msf3\Web\poderdocurtir\yii_1.1.12\framework\web\CController.php(870): Fb_pageController->renderFile()
#4 E:\home\msf3\Web\poderdocurtir\yii_1.1.12\framework\web\CController.php(783): Fb_pageController->renderPartial()
#5 E:\home\msf3\Web\poderdocurtir\protected\controllers\Fb_pageController.php(30): Fb_pageController->render()
#6 E:\home\msf3\Web\poderdocurtir\yii_1.1.12\framework\web\actions\CInlineAction.php(50): Fb_pageController->actionIndex()
#7 E:\home\msf3\Web\poderdocurtir\yii_1.1.12\framework\web\CController.php(309): CInlineAction->runWithParams()
#8 E:\home\msf3\Web\poderdocurtir\yii_1.1.12\framework\web\CController.php(287): Fb_pageController->runAction()
#9 E:\home\msf3\Web\poderdocurtir\yii_1.1.12\framework\web\CController.php(266): Fb_pageController->runActionWithFilters()
#10 E:\home\msf3\Web\poderdocurtir\yii_1.1.12\framework\web\CWebApplication.php(283): Fb_pageController->run()
#11 E:\home\msf3\Web\poderdocurtir\yii_1.1.12\framework\web\CWebApplication.php(142): CWebApplication->runController()
#12 E:\home\msf3\Web\poderdocurtir\yii_1.1.12\framework\base\CApplication.php(162): CWebApplication->processRequest()
#13 E:\home\msf3\Web\poderdocurtir\index.php(18): CWebApplication->run()
REQUEST_URI=/poderdocurtir/index.php/fb_page/index
in E:\home\msf3\Web\poderdocurtir\protected\views\fb_page\index.php (72)
in E:\home\msf3\Web\poderdocurtir\protected\controllers\Fb_pageController.php (30)
in E:\home\msf3\Web\poderdocurtir\index.php (18)
2012/10/11 14:47:21 [error] [exception.FacebookApiException] OAuthException: An active access token must be used to query information about the current user.
REQUEST_URI=/poderdocurtir/index.php/fb_page/fanpage?app_data=%7B%22userId%22%3A%22100002548638400%22%2C%22id0%22%3A%22100000336519854%22%2C%22id1%22%3A%22100002497598865%22%2C%22id2%22%3A%22100000578242976%22%7D
---
2012/10/11 15:04:17 [error] [exception.FacebookApiException] OAuthException: An active access token must be used to query information about the current user.
REQUEST_URI=/poderdocurtir/index.php/fb_page/fanpage?app_data=%7B%22userId%22%3A%22100002548638400%22%2C%22id0%22%3A%22100000336519854%22%2C%22id1%22%3A%22100002353418921%22%2C%22id2%22%3A%22100000310183850%22%7D
HTTP_REFERER=https://s-static.ak.facebook.com/platform/page_proxy.php?v=5
---
2012/10/11 15:06:27 [error] [exception.FacebookApiException] OAuthException: An active access token must be used to query information about the current user.
REQUEST_URI=/poderdocurtir/index.php/fb_page/fanpage?app_data=%7B%22userId%22%3A%22100002548638400%22%2C%22id0%22%3A%22100000336519854%22%2C%22id1%22%3A%22100002353418921%22%2C%22id2%22%3A%22100000310183850%22%7D
HTTP_REFERER=https://s-static.ak.facebook.com/platform/page_proxy.php?v=5
---
2012/10/11 15:06:50 [error] [exception.FacebookApiException] OAuthException: An active access token must be used to query information about the current user.
REQUEST_URI=/poderdocurtir/index.php/fb_page/fanpage?app_data=%7B%22userId%22%3A%22100002548638400%22%2C%22id0%22%3A%22100000336519854%22%2C%22id1%22%3A%22100002353418921%22%2C%22id2%22%3A%22100000310183850%22%7D
HTTP_REFERER=https://s-static.ak.facebook.com/platform/page_proxy.php?v=5
---
2012/10/11 15:08:55 [error] [exception.FacebookApiException] OAuthException: An active access token must be used to query information about the current user.
REQUEST_URI=/poderdocurtir/index.php/fb_page/fanpage?app_data=%7B%22userId%22%3A%22100002548638400%22%2C%22id0%22%3A%22100000336519854%22%2C%22id1%22%3A%22100002353418921%22%2C%22id2%22%3A%22100000310183850%22%7D
HTTP_REFERER=https://s-static.ak.facebook.com/platform/page_proxy.php?v=5
---
2012/10/11 15:48:43 [error] [exception.CHttpException.404] exception 'CHttpException' with message 'Unable to resolve the request "ajax_fb_postwall.php".' in E:\home\msf3\Web\poderdocurtir\yii_1.1.12\framework\web\CWebApplication.php:287
Stack trace:
#0 E:\home\msf3\Web\poderdocurtir\yii_1.1.12\framework\web\CWebApplication.php(142): CWebApplication->runController('ajax_fb_postwal...')
#1 E:\home\msf3\Web\poderdocurtir\yii_1.1.12\framework\base\CApplication.php(162): CWebApplication->processRequest()
#2 E:\home\msf3\Web\poderdocurtir\index.php(18): CApplication->run()
#3 {main}
REQUEST_URI=/poderdocurtir/index.php/ajax_fb_postwall.php
HTTP_REFERER=https://www.msf.org.br/poderdocurtir/index.php/fb_page
---
2012/10/11 16:38:12 [error] [exception.CHttpException.404] exception 'CHttpException' with message 'The system is unable to find the requested action "URL_TO_WEBSITE_LOGO".' in E:\home\msf3\Web\poderdocurtir\yii_1.1.12\framework\web\CController.php:484
Stack trace:
#0 E:\home\msf3\Web\poderdocurtir\yii_1.1.12\framework\web\CController.php(271): CController->missingAction('URL_TO_WEBSITE_...')
#1 E:\home\msf3\Web\poderdocurtir\yii_1.1.12\framework\web\CWebApplication.php(283): CController->run('URL_TO_WEBSITE_...')
#2 E:\home\msf3\Web\poderdocurtir\yii_1.1.12\framework\web\CWebApplication.php(142): CWebApplication->runController('fb_page/URL_TO_...')
#3 E:\home\msf3\Web\poderdocurtir\yii_1.1.12\framework\base\CApplication.php(162): CWebApplication->processRequest()
#4 E:\home\msf3\Web\poderdocurtir\index.php(18): CApplication->run()
#5 {main}
REQUEST_URI=/poderdocurtir/index.php/fb_page/URL_TO_WEBSITE_LOGO
---
2012/10/11 17:24:17 [error] [exception.CHttpException.404] exception 'CHttpException' with message 'The system is unable to find the requested action "logo-twitter.png".' in E:\home\msf3\Web\poderdocurtir\yii_1.1.12\framework\web\CController.php:484
Stack trace:
#0 E:\home\msf3\Web\poderdocurtir\yii_1.1.12\framework\web\CController.php(271): CController->missingAction('logo-twitter.pn...')
#1 E:\home\msf3\Web\poderdocurtir\yii_1.1.12\framework\web\CWebApplication.php(283): CController->run('logo-twitter.pn...')
#2 E:\home\msf3\Web\poderdocurtir\yii_1.1.12\framework\web\CWebApplication.php(142): CWebApplication->runController('fb_page/logo-tw...')
#3 E:\home\msf3\Web\poderdocurtir\yii_1.1.12\framework\base\CApplication.php(162): CWebApplication->processRequest()
#4 E:\home\msf3\Web\poderdocurtir\index.php(18): CApplication->run()
#5 {main}
REQUEST_URI=/poderdocurtir/index.php/fb_page/logo-twitter.png
HTTP_REFERER=https://www.msf.org.br/poderdocurtir/index.php/fb_page/espalhe
---
2012/10/11 17:24:18 [error] [exception.CHttpException.404] exception 'CHttpException' with message 'The system is unable to find the requested action "logo-doe.png".' in E:\home\msf3\Web\poderdocurtir\yii_1.1.12\framework\web\CController.php:484
Stack trace:
#0 E:\home\msf3\Web\poderdocurtir\yii_1.1.12\framework\web\CController.php(271): CController->missingAction('logo-doe.png')
#1 E:\home\msf3\Web\poderdocurtir\yii_1.1.12\framework\web\CWebApplication.php(283): CController->run('logo-doe.png')
#2 E:\home\msf3\Web\poderdocurtir\yii_1.1.12\framework\web\CWebApplication.php(142): CWebApplication->runController('fb_page/logo-do...')
#3 E:\home\msf3\Web\poderdocurtir\yii_1.1.12\framework\base\CApplication.php(162): CWebApplication->processRequest()
#4 E:\home\msf3\Web\poderdocurtir\index.php(18): CApplication->run()
#5 {main}
REQUEST_URI=/poderdocurtir/index.php/fb_page/logo-doe.png
HTTP_REFERER=https://www.msf.org.br/poderdocurtir/index.php/fb_page/espalhe
---
2012/10/11 17:24:45 [error] [exception.CHttpException.404] exception 'CHttpException' with message 'The system is unable to find the requested action "logo-twitter.png".' in E:\home\msf3\Web\poderdocurtir\yii_1.1.12\framework\web\CController.php:484
Stack trace:
#0 E:\home\msf3\Web\poderdocurtir\yii_1.1.12\framework\web\CController.php(271): CController->missingAction('logo-twitter.pn...')
#1 E:\home\msf3\Web\poderdocurtir\yii_1.1.12\framework\web\CWebApplication.php(283): CController->run('logo-twitter.pn...')
#2 E:\home\msf3\Web\poderdocurtir\yii_1.1.12\framework\web\CWebApplication.php(142): CWebApplication->runController('fb_page/logo-tw...')
#3 E:\home\msf3\Web\poderdocurtir\yii_1.1.12\framework\base\CApplication.php(162): CWebApplication->processRequest()
#4 E:\home\msf3\Web\poderdocurtir\index.php(18): CApplication->run()
#5 {main}
REQUEST_URI=/poderdocurtir/index.php/fb_page/logo-twitter.png
HTTP_REFERER=https://www.msf.org.br/poderdocurtir/index.php/fb_page/espalhe
---
2012/10/11 17:24:45 [error] [exception.CHttpException.404] exception 'CHttpException' with message 'The system is unable to find the requested action "logo-doe.png".' in E:\home\msf3\Web\poderdocurtir\yii_1.1.12\framework\web\CController.php:484
Stack trace:
#0 E:\home\msf3\Web\poderdocurtir\yii_1.1.12\framework\web\CController.php(271): CController->missingAction('logo-doe.png')
#1 E:\home\msf3\Web\poderdocurtir\yii_1.1.12\framework\web\CWebApplication.php(283): CController->run('logo-doe.png')
#2 E:\home\msf3\Web\poderdocurtir\yii_1.1.12\framework\web\CWebApplication.php(142): CWebApplication->runController('fb_page/logo-do...')
#3 E:\home\msf3\Web\poderdocurtir\yii_1.1.12\framework\base\CApplication.php(162): CWebApplication->processRequest()
#4 E:\home\msf3\Web\poderdocurtir\index.php(18): CApplication->run()
#5 {main}
REQUEST_URI=/poderdocurtir/index.php/fb_page/logo-doe.png
HTTP_REFERER=https://www.msf.org.br/poderdocurtir/index.php/fb_page/espalhe
---
2012/10/11 17:25:42 [error] [exception.CHttpException.404] exception 'CHttpException' with message 'The system is unable to find the requested action "logo-doe.png".' in E:\home\msf3\Web\poderdocurtir\yii_1.1.12\framework\web\CController.php:484
Stack trace:
#0 E:\home\msf3\Web\poderdocurtir\yii_1.1.12\framework\web\CController.php(271): CController->missingAction('logo-doe.png')
#1 E:\home\msf3\Web\poderdocurtir\yii_1.1.12\framework\web\CWebApplication.php(283): CController->run('logo-doe.png')
#2 E:\home\msf3\Web\poderdocurtir\yii_1.1.12\framework\web\CWebApplication.php(142): CWebApplication->runController('fb_page/logo-do...')
#3 E:\home\msf3\Web\poderdocurtir\yii_1.1.12\framework\base\CApplication.php(162): CWebApplication->processRequest()
#4 E:\home\msf3\Web\poderdocurtir\index.php(18): CApplication->run()
#5 {main}
REQUEST_URI=/poderdocurtir/index.php/fb_page/logo-doe.png
HTTP_REFERER=https://www.msf.org.br/poderdocurtir/index.php/fb_page/espalhe
---
2012/10/11 17:25:42 [error] [exception.CHttpException.404] exception 'CHttpException' with message 'The system is unable to find the requested action "logo-twitter.png".' in E:\home\msf3\Web\poderdocurtir\yii_1.1.12\framework\web\CController.php:484
Stack trace:
#0 E:\home\msf3\Web\poderdocurtir\yii_1.1.12\framework\web\CController.php(271): CController->missingAction('logo-twitter.pn...')
#1 E:\home\msf3\Web\poderdocurtir\yii_1.1.12\framework\web\CWebApplication.php(283): CController->run('logo-twitter.pn...')
#2 E:\home\msf3\Web\poderdocurtir\yii_1.1.12\framework\web\CWebApplication.php(142): CWebApplication->runController('fb_page/logo-tw...')
#3 E:\home\msf3\Web\poderdocurtir\yii_1.1.12\framework\base\CApplication.php(162): CWebApplication->processRequest()
#4 E:\home\msf3\Web\poderdocurtir\index.php(18): CApplication->run()
#5 {main}
REQUEST_URI=/poderdocurtir/index.php/fb_page/logo-twitter.png
HTTP_REFERER=https://www.msf.org.br/poderdocurtir/index.php/fb_page/espalhe
---
2012/10/11 18:42:42 [error] [exception.CHttpException.404] exception 'CHttpException' with message 'The system is unable to find the requested action "www.msf.org.br".' in E:\home\msf3\Web\poderdocurtir\yii_1.1.12\framework\web\CController.php:484
Stack trace:
#0 E:\home\msf3\Web\poderdocurtir\yii_1.1.12\framework\web\CController.php(271): CController->missingAction('www.msf.org.br')
#1 E:\home\msf3\Web\poderdocurtir\yii_1.1.12\framework\web\CWebApplication.php(283): CController->run('www.msf.org.br')
#2 E:\home\msf3\Web\poderdocurtir\yii_1.1.12\framework\web\CWebApplication.php(142): CWebApplication->runController('fb_page/www.msf...')
#3 E:\home\msf3\Web\poderdocurtir\yii_1.1.12\framework\base\CApplication.php(162): CWebApplication->processRequest()
#4 E:\home\msf3\Web\poderdocurtir\index.php(18): CApplication->run()
#5 {main}
REQUEST_URI=/poderdocurtir/index.php/fb_page/www.msf.org.br/poderdocurtir
HTTP_REFERER=https://www.msf.org.br/poderdocurtir/index.php/fb_page/espalhe
---
2012/10/11 19:24:04 [error] [exception.CHttpException.404] exception 'CHttpException' with message 'The system is unable to find the requested action "www.msf.org.br".' in E:\home\msf3\Web\poderdocurtir\yii_1.1.12\framework\web\CController.php:484
Stack trace:
#0 E:\home\msf3\Web\poderdocurtir\yii_1.1.12\framework\web\CController.php(271): CController->missingAction('www.msf.org.br')
#1 E:\home\msf3\Web\poderdocurtir\yii_1.1.12\framework\web\CWebApplication.php(283): CController->run('www.msf.org.br')
#2 E:\home\msf3\Web\poderdocurtir\yii_1.1.12\framework\web\CWebApplication.php(142): CWebApplication->runController('fb_page/www.msf...')
#3 E:\home\msf3\Web\poderdocurtir\yii_1.1.12\framework\base\CApplication.php(162): CWebApplication->processRequest()
#4 E:\home\msf3\Web\poderdocurtir\index.php(18): CApplication->run()
#5 {main}
REQUEST_URI=/poderdocurtir/index.php/fb_page/www.msf.org.br/poderdocurtir
HTTP_REFERER=https://www.msf.org.br/poderdocurtir/index.php/fb_page/espalhe
---
2012/10/11 19:29:38 [error] [exception.CHttpException.404] exception 'CHttpException' with message 'The system is unable to find the requested action "www.msf.org.br".' in E:\home\msf3\Web\poderdocurtir\yii_1.1.12\framework\web\CController.php:484
Stack trace:
#0 E:\home\msf3\Web\poderdocurtir\yii_1.1.12\framework\web\CController.php(271): CController->missingAction('www.msf.org.br')
#1 E:\home\msf3\Web\poderdocurtir\yii_1.1.12\framework\web\CWebApplication.php(283): CController->run('www.msf.org.br')
#2 E:\home\msf3\Web\poderdocurtir\yii_1.1.12\framework\web\CWebApplication.php(142): CWebApplication->runController('fb_page/www.msf...')
#3 E:\home\msf3\Web\poderdocurtir\yii_1.1.12\framework\base\CApplication.php(162): CWebApplication->processRequest()
#4 E:\home\msf3\Web\poderdocurtir\index.php(18): CApplication->run()
#5 {main}
REQUEST_URI=/poderdocurtir/index.php/fb_page/www.msf.org.br/poderdocurtir
HTTP_REFERER=https://www.msf.org.br/poderdocurtir/index.php/fb_page/espalhe
---
2012/10/11 19:30:27 [error] [exception.CHttpException.404] exception 'CHttpException' with message 'The system is unable to find the requested action "www.msf.org.br".' in E:\home\msf3\Web\poderdocurtir\yii_1.1.12\framework\web\CController.php:484
Stack trace:
#0 E:\home\msf3\Web\poderdocurtir\yii_1.1.12\framework\web\CController.php(271): CController->missingAction('www.msf.org.br')
#1 E:\home\msf3\Web\poderdocurtir\yii_1.1.12\framework\web\CWebApplication.php(283): CController->run('www.msf.org.br')
#2 E:\home\msf3\Web\poderdocurtir\yii_1.1.12\framework\web\CWebApplication.php(142): CWebApplication->runController('fb_page/www.msf...')
#3 E:\home\msf3\Web\poderdocurtir\yii_1.1.12\framework\base\CApplication.php(162): CWebApplication->processRequest()
#4 E:\home\msf3\Web\poderdocurtir\index.php(18): CApplication->run()
#5 {main}
REQUEST_URI=/poderdocurtir/index.php/fb_page/www.msf.org.br/poderdocurtir
---
2012/10/11 19:42:58 [error] [exception.CHttpException.404] exception 'CHttpException' with message 'The system is unable to find the requested action "www.msf.org.br".' in E:\home\msf3\Web\poderdocurtir\yii_1.1.12\framework\web\CController.php:484
Stack trace:
#0 E:\home\msf3\Web\poderdocurtir\yii_1.1.12\framework\web\CController.php(271): CController->missingAction('www.msf.org.br')
#1 E:\home\msf3\Web\poderdocurtir\yii_1.1.12\framework\web\CWebApplication.php(283): CController->run('www.msf.org.br')
#2 E:\home\msf3\Web\poderdocurtir\yii_1.1.12\framework\web\CWebApplication.php(142): CWebApplication->runController('fb_page/www.msf...')
#3 E:\home\msf3\Web\poderdocurtir\yii_1.1.12\framework\base\CApplication.php(162): CWebApplication->processRequest()
#4 E:\home\msf3\Web\poderdocurtir\index.php(18): CApplication->run()
#5 {main}
REQUEST_URI=/poderdocurtir/index.php/fb_page/www.msf.org.br/poderdocurtir
HTTP_REFERER=https://www.msf.org.br/poderdocurtir/index.php/fb_page/espalhe
---
2012/10/11 19:43:23 [error] [exception.CHttpException.404] exception 'CHttpException' with message 'The system is unable to find the requested action "www.msf.org.br".' in E:\home\msf3\Web\poderdocurtir\yii_1.1.12\framework\web\CController.php:484
Stack trace:
#0 E:\home\msf3\Web\poderdocurtir\yii_1.1.12\framework\web\CController.php(271): CController->missingAction('www.msf.org.br')
#1 E:\home\msf3\Web\poderdocurtir\yii_1.1.12\framework\web\CWebApplication.php(283): CController->run('www.msf.org.br')
#2 E:\home\msf3\Web\poderdocurtir\yii_1.1.12\framework\web\CWebApplication.php(142): CWebApplication->runController('fb_page/www.msf...')
#3 E:\home\msf3\Web\poderdocurtir\yii_1.1.12\framework\base\CApplication.php(162): CWebApplication->processRequest()
#4 E:\home\msf3\Web\poderdocurtir\index.php(18): CApplication->run()
#5 {main}
REQUEST_URI=/poderdocurtir/index.php/fb_page/www.msf.org.br/poderdocurtir
HTTP_REFERER=https://www.msf.org.br/poderdocurtir/index.php/fb_page/espalhe
---
2012/10/11 20:19:35 [error] [exception.FacebookApiException] GraphMethodException: Unsupported get request.
REQUEST_URI=/poderdocurtir/index.php/fb_page/fanpage
HTTP_REFERER=https://www.msf.org.br/poderdocurtir/index.php/fb_page/index
---
2012/10/11 20:21:30 [error] [exception.FacebookApiException] GraphMethodException: Unsupported get request.
REQUEST_URI=/poderdocurtir/index.php/fb_page/fanpage
HTTP_REFERER=https://www.msf.org.br/poderdocurtir/index.php/fb_page/index
---
2012/10/11 20:23:43 [error] [exception.FacebookApiException] OAuthException: (#803) Some of the aliases you requested do not exist: Array
REQUEST_URI=/poderdocurtir/index.php/fb_page/fanpage
HTTP_REFERER=https://www.msf.org.br/poderdocurtir/index.php/fb_page/index
---
2012/10/11 20:37:58 [error] [php] Cannot modify header information - headers already sent by (output started at E:\home\msf3\Web\poderdocurtir\m_super_dump.php:54) (E:\home\msf3\Web\poderdocurtir\protected\views\layouts\fb.php:2)
Stack trace:
#0 E:\home\msf3\Web\poderdocurtir\yii_1.1.12\framework\web\CBaseController.php(96): Fb_pageController->renderInternal()
#1 E:\home\msf3\Web\poderdocurtir\yii_1.1.12\framework\web\CController.php(785): Fb_pageController->renderFile()
#2 E:\home\msf3\Web\poderdocurtir\protected\controllers\Fb_pageController.php(177): Fb_pageController->render()
#3 E:\home\msf3\Web\poderdocurtir\yii_1.1.12\framework\web\actions\CInlineAction.php(50): Fb_pageController->actionFanpage()
#4 E:\home\msf3\Web\poderdocurtir\yii_1.1.12\framework\web\CController.php(309): CInlineAction->runWithParams()
#5 E:\home\msf3\Web\poderdocurtir\yii_1.1.12\framework\web\CController.php(287): Fb_pageController->runAction()
#6 E:\home\msf3\Web\poderdocurtir\yii_1.1.12\framework\web\CController.php(266): Fb_pageController->runActionWithFilters()
#7 E:\home\msf3\Web\poderdocurtir\yii_1.1.12\framework\web\CWebApplication.php(283): Fb_pageController->run()
#8 E:\home\msf3\Web\poderdocurtir\yii_1.1.12\framework\web\CWebApplication.php(142): CWebApplication->runController()
#9 E:\home\msf3\Web\poderdocurtir\yii_1.1.12\framework\base\CApplication.php(162): CWebApplication->processRequest()
#10 E:\home\msf3\Web\poderdocurtir\index.php(18): CWebApplication->run()
REQUEST_URI=/poderdocurtir/index.php/fb_page/fanpage
in E:\home\msf3\Web\poderdocurtir\protected\views\layouts\fb.php (2)
in E:\home\msf3\Web\poderdocurtir\protected\controllers\Fb_pageController.php (177)
in E:\home\msf3\Web\poderdocurtir\index.php (18)
2012/10/11 21:33:24 [error] [exception.FacebookApiException] OAuthException: An active access token must be used to query information about the current user.
REQUEST_URI=/poderdocurtir/index.php/fb_page/fanpage?app_data=%7B%22userId%22%3A%22100002548638400%22%2C%22userp%22%3A%22https%3A%5C%2F%5C%2Ffbcdn-profile-a.akamaihd.net%5C%2Fhprofile-ak-snc6%5C%2F203191_100002548638400_296541_n.jpg%22%2C%22usern%22%3A%22Cabana+Cria%5Cu00e7%5Cu00e3o%22%2C%22id0%22%3A%22100002548638400%22%2C%22id0p%22%3A%22https%3A%5C%2F%5C%2Ffbcdn-profile-a.akamaihd.net%5C%2Fhprofile-ak-snc6%5C%2F203191_100002548638400_296541_n.jpg%22%2C%22id0un%22%3A%22Cabana%22%2C%22id1%22%3A%22100000336519854%22%2C%22id1p%22%3A%22https%3A%5C%2F%5C%2Ffbcdn-profile-a.akamaihd.net%5C%2Fhprofile-ak-prn1%5C%2F565118_100000336519854_440911149_n.jpg%22%2C%22id1un%22%3A%22Paulo+Roberto%22%2C%22id2%22%3A%22100002661777989%22%2C%22id2p%22%3A%22https%3A%5C%2F%5C%2Ffbcdn-profile-a.akamaihd.net%5C%2Fhprofile-ak-ash4%5C%2F275494_100002661777989_273662_n.jpg%22%2C%22id2un%22%3A%22Cabana%22%2C%22friendCount%22%3A89%7D
HTTP_REFERER=https://s-static.ak.facebook.com/platform/page_proxy.php?v=5
---
2012/10/11 21:34:40 [error] [exception.FacebookApiException] OAuthException: An active access token must be used to query information about the current user.
REQUEST_URI=/poderdocurtir/index.php/fb_page/fanpage?app_data=%7B%22userId%22%3A%22100002548638400%22%2C%22userp%22%3A%22https%3A%5C%2F%5C%2Ffbcdn-profile-a.akamaihd.net%5C%2Fhprofile-ak-snc6%5C%2F203191_100002548638400_296541_n.jpg%22%2C%22usern%22%3A%22Cabana+Cria%5Cu00e7%5Cu00e3o%22%2C%22id0%22%3A%22100002548638400%22%2C%22id0p%22%3A%22https%3A%5C%2F%5C%2Ffbcdn-profile-a.akamaihd.net%5C%2Fhprofile-ak-snc6%5C%2F203191_100002548638400_296541_n.jpg%22%2C%22id0un%22%3A%22Cabana%22%2C%22id1%22%3A%22100000336519854%22%2C%22id1p%22%3A%22https%3A%5C%2F%5C%2Ffbcdn-profile-a.akamaihd.net%5C%2Fhprofile-ak-prn1%5C%2F565118_100000336519854_440911149_n.jpg%22%2C%22id1un%22%3A%22Paulo+Roberto%22%2C%22id2%22%3A%22100002661777989%22%2C%22id2p%22%3A%22https%3A%5C%2F%5C%2Ffbcdn-profile-a.akamaihd.net%5C%2Fhprofile-ak-ash4%5C%2F275494_100002661777989_273662_n.jpg%22%2C%22id2un%22%3A%22Cabana%22%2C%22friendCount%22%3A89%7D
HTTP_REFERER=https://s-static.ak.facebook.com/platform/page_proxy.php?v=5
---
2012/10/11 22:31:06 [error] [exception.FacebookApiException] OAuthException: Error validating access token: The session was invalidated explicitly using an API call.
REQUEST_URI=/poderdocurtir/index.php/fb_page/fanpage
HTTP_REFERER=https://www.msf.org.br/poderdocurtir/index.php/fb_page/index
---
2012/10/11 22:59:41 [error] [exception.FacebookApiException] GraphMethodException: Unsupported get request.
REQUEST_URI=/poderdocurtir/index.php/fb_page/index
HTTP_REFERER=https://s-static.ak.facebook.com/platform/page_proxy.php?v=5
---
2012/10/11 23:49:47 [error] [exception.FacebookApiException] OAuthException: Error validating access token: Session is invalid. This could be because the application was uninstalled after the session was created.
REQUEST_URI=/poderdocurtir/index.php/fb_page/fanpage
HTTP_REFERER=https://s-static.ak.facebook.com/platform/page_proxy.php?v=5
---
2012/10/12 11:58:21 [error] [exception.CHttpException.404] exception 'CHttpException' with message 'The system is unable to find the requested action "URL_TO_WEBSITE_LOGO".' in E:\home\msf3\Web\poderdocurtir\yii_1.1.12\framework\web\CController.php:484
Stack trace:
#0 E:\home\msf3\Web\poderdocurtir\yii_1.1.12\framework\web\CController.php(271): CController->missingAction('URL_TO_WEBSITE_...')
#1 E:\home\msf3\Web\poderdocurtir\yii_1.1.12\framework\web\CWebApplication.php(283): CController->run('URL_TO_WEBSITE_...')
#2 E:\home\msf3\Web\poderdocurtir\yii_1.1.12\framework\web\CWebApplication.php(142): CWebApplication->runController('fb_page/URL_TO_...')
#3 E:\home\msf3\Web\poderdocurtir\yii_1.1.12\framework\base\CApplication.php(162): CWebApplication->processRequest()
#4 E:\home\msf3\Web\poderdocurtir\index.php(18): CApplication->run()
#5 {main}
REQUEST_URI=/poderdocurtir/index.php/fb_page/URL_TO_WEBSITE_LOGO
---
2012/10/12 19:38:20 [error] [exception.CException] exception 'CException' with message 'Fb_pageController cannot find the requested view "espalhe".' in E:\home\msf3\Web\poderdocurtir\yii_1.1.12\framework\web\CController.php:879
Stack trace:
#0 E:\home\msf3\Web\poderdocurtir\yii_1.1.12\framework\web\CController.php(783): CController->renderPartial('espalhe', NULL, true)
#1 E:\home\msf3\Web\poderdocurtir\protected\controllers\Fb_pageController.php(59): CController->render('espalhe')
#2 E:\home\msf3\Web\poderdocurtir\yii_1.1.12\framework\web\actions\CInlineAction.php(50): Fb_pageController->actionEspalhe()
#3 E:\home\msf3\Web\poderdocurtir\yii_1.1.12\framework\web\CController.php(309): CInlineAction->runWithParams(Array)
#4 E:\home\msf3\Web\poderdocurtir\yii_1.1.12\framework\web\CController.php(287): CController->runAction(Object(CInlineAction))
#5 E:\home\msf3\Web\poderdocurtir\yii_1.1.12\framework\web\CController.php(266): CController->runActionWithFilters(Object(CInlineAction), Array)
#6 E:\home\msf3\Web\poderdocurtir\yii_1.1.12\framework\web\CWebApplication.php(283): CController->run('espalhe')
#7 E:\home\msf3\Web\poderdocurtir\yii_1.1.12\framework\web\CWebApplication.php(142): CWebApplication->runController('fb_page/espalhe')
#8 E:\home\msf3\Web\poderdocurtir\yii_1.1.12\framework\base\CApplication.php(162): CWebApplication->processRequest()
#9 E:\home\msf3\Web\poderdocurtir\index.php(18): CApplication->run()
#10 {main}
REQUEST_URI=/poderdocurtir/index.php/fb_page/espalhe
HTTP_REFERER=https://www.msf.org.br/poderdocurtir/index.php/fb_page/index
---
2012/10/12 19:41:56 [error] [exception.CException] exception 'CException' with message 'Fb_pageController cannot find the requested view "fanpage".' in E:\home\msf3\Web\poderdocurtir\yii_1.1.12\framework\web\CController.php:879
Stack trace:
#0 E:\home\msf3\Web\poderdocurtir\yii_1.1.12\framework\web\CController.php(783): CController->renderPartial('fanpage', Array, true)
#1 E:\home\msf3\Web\poderdocurtir\protected\controllers\Fb_pageController.php(119): CController->render('fanpage', Array)
#2 E:\home\msf3\Web\poderdocurtir\yii_1.1.12\framework\web\actions\CInlineAction.php(50): Fb_pageController->actionFanpage()
#3 E:\home\msf3\Web\poderdocurtir\yii_1.1.12\framework\web\CController.php(309): CInlineAction->runWithParams(Array)
#4 E:\home\msf3\Web\poderdocurtir\yii_1.1.12\framework\web\CController.php(287): CController->runAction(Object(CInlineAction))
#5 E:\home\msf3\Web\poderdocurtir\yii_1.1.12\framework\web\CController.php(266): CController->runActionWithFilters(Object(CInlineAction), Array)
#6 E:\home\msf3\Web\poderdocurtir\yii_1.1.12\framework\web\CWebApplication.php(283): CController->run('fanpage')
#7 E:\home\msf3\Web\poderdocurtir\yii_1.1.12\framework\web\CWebApplication.php(142): CWebApplication->runController('fb_page/fanpage')
#8 E:\home\msf3\Web\poderdocurtir\yii_1.1.12\framework\base\CApplication.php(162): CWebApplication->processRequest()
#9 E:\home\msf3\Web\poderdocurtir\index.php(18): CApplication->run()
#10 {main}
REQUEST_URI=/poderdocurtir/index.php/fb_page/fanpage?app_data=%7B%22userId%22%3A%22100000185515541%22%2C%22userp%22%3A%22https%3A%5C%2F%5C%2Ffbcdn-profile-a.akamaihd.net%5C%2Fhprofile-ak-ash4%5C%2F372244_100000185515541_500085355_n.jpg%22%2C%22usern%22%3A%22T%5Cu00e1rin+Aurora%22%2C%22id0%22%3A1740071915%2C%22id0p%22%3A%22https%3A%5C%2F%5C%2Ffbcdn-profile-a.akamaihd.net%5C%2Fhprofile-ak-snc6%5C%2F186416_1740071915_525736637_n.jpg%22%2C%22id0un%22%3A%22Virginia%22%2C%22id1%22%3A%22100001892569516%22%2C%22id1p%22%3A%22https%3A%5C%2F%5C%2Ffbcdn-profile-a.akamaihd.net%5C%2Fhprofile-ak-snc6%5C%2F203213_100001892569516_1821670456_n.jpg%22%2C%22id1un%22%3A%22Deisi+Pierina%22%2C%22id2%22%3A%22100000266943188%22%2C%22id2p%22%3A%22https%3A%5C%2F%5C%2Ffbcdn-profile-a.akamaihd.net%5C%2Fhprofile-ak-ash4%5C%2F275128_100000266943188_1186239882_n.jpg%22%2C%22id2un%22%3A%22Kam%22%2C%22friendCount%22%3A379%7D
HTTP_REFERER=https://s-static.ak.facebook.com/platform/page_proxy.php?v=5
---
2012/10/12 20:16:49 [error] [exception.FacebookApiException] OAuthException: Error validating access token: The session was invalidated explicitly using an API call.
REQUEST_URI=/poderdocurtir/index.php/fb_page/fanpage
HTTP_REFERER=https://www.msf.org.br/poderdocurtir/index.php/fb_page/index
---
2012/10/13 09:21:36 [error] [exception.FacebookApiException] OAuthException: Error validating access token: The session was invalidated explicitly using an API call.
REQUEST_URI=/poderdocurtir/index.php/fb_page/fanpage
HTTP_REFERER=https://www.msf.org.br/poderdocurtir/index.php/fb_page/index
---
2012/10/15 06:09:25 [error] [exception.CHttpException.404] exception 'CHttpException' with message 'The system is unable to find the requested action "refresh.gif".' in E:\home\msf3\Web\poderdocurtir\yii_1.1.12\framework\web\CController.php:484
Stack trace:
#0 E:\home\msf3\Web\poderdocurtir\yii_1.1.12\framework\web\CController.php(271): CController->missingAction('refresh.gif')
#1 E:\home\msf3\Web\poderdocurtir\yii_1.1.12\framework\web\CWebApplication.php(283): CController->run('refresh.gif')
#2 E:\home\msf3\Web\poderdocurtir\yii_1.1.12\framework\web\CWebApplication.php(142): CWebApplication->runController('fb_page/refresh...')
#3 E:\home\msf3\Web\poderdocurtir\yii_1.1.12\framework\base\CApplication.php(162): CWebApplication->processRequest()
#4 E:\home\msf3\Web\poderdocurtir\index.php(18): CApplication->run()
#5 {main}
REQUEST_URI=/poderdocurtir/index.php/fb_page/refresh.gif
HTTP_REFERER=https://www.msf.org.br/poderdocurtir/index.php/fb_page/index
---
2012/10/15 06:09:28 [error] [exception.CHttpException.404] exception 'CHttpException' with message 'The system is unable to find the requested action "pagerror.gif".' in E:\home\msf3\Web\poderdocurtir\yii_1.1.12\framework\web\CController.php:484
Stack trace:
#0 E:\home\msf3\Web\poderdocurtir\yii_1.1.12\framework\web\CController.php(271): CController->missingAction('pagerror.gif')
#1 E:\home\msf3\Web\poderdocurtir\yii_1.1.12\framework\web\CWebApplication.php(283): CController->run('pagerror.gif')
#2 E:\home\msf3\Web\poderdocurtir\yii_1.1.12\framework\web\CWebApplication.php(142): CWebApplication->runController('fb_page/pagerro...')
#3 E:\home\msf3\Web\poderdocurtir\yii_1.1.12\framework\base\CApplication.php(162): CWebApplication->processRequest()
#4 E:\home\msf3\Web\poderdocurtir\index.php(18): CApplication->run()
#5 {main}
REQUEST_URI=/poderdocurtir/index.php/fb_page/pagerror.gif
HTTP_REFERER=https://www.msf.org.br/poderdocurtir/index.php/fb_page/index
---
2012/10/15 06:09:33 [error] [exception.CHttpException.404] exception 'CHttpException' with message 'The system is unable to find the requested action "refresh.gif".' in E:\home\msf3\Web\poderdocurtir\yii_1.1.12\framework\web\CController.php:484
Stack trace:
#0 E:\home\msf3\Web\poderdocurtir\yii_1.1.12\framework\web\CController.php(271): CController->missingAction('refresh.gif')
#1 E:\home\msf3\Web\poderdocurtir\yii_1.1.12\framework\web\CWebApplication.php(283): CController->run('refresh.gif')
#2 E:\home\msf3\Web\poderdocurtir\yii_1.1.12\framework\web\CWebApplication.php(142): CWebApplication->runController('fb_page/refresh...')
#3 E:\home\msf3\Web\poderdocurtir\yii_1.1.12\framework\base\CApplication.php(162): CWebApplication->processRequest()
#4 E:\home\msf3\Web\poderdocurtir\index.php(18): CApplication->run()
#5 {main}
REQUEST_URI=/poderdocurtir/index.php/fb_page/refresh.gif
HTTP_REFERER=https://www.msf.org.br/poderdocurtir/index.php/fb_page/index
---
2012/10/15 06:09:33 [error] [exception.CHttpException.404] exception 'CHttpException' with message 'The system is unable to find the requested action "pagerror.gif".' in E:\home\msf3\Web\poderdocurtir\yii_1.1.12\framework\web\CController.php:484
Stack trace:
#0 E:\home\msf3\Web\poderdocurtir\yii_1.1.12\framework\web\CController.php(271): CController->missingAction('pagerror.gif')
#1 E:\home\msf3\Web\poderdocurtir\yii_1.1.12\framework\web\CWebApplication.php(283): CController->run('pagerror.gif')
#2 E:\home\msf3\Web\poderdocurtir\yii_1.1.12\framework\web\CWebApplication.php(142): CWebApplication->runController('fb_page/pagerro...')
#3 E:\home\msf3\Web\poderdocurtir\yii_1.1.12\framework\base\CApplication.php(162): CWebApplication->processRequest()
#4 E:\home\msf3\Web\poderdocurtir\index.php(18): CApplication->run()
#5 {main}
REQUEST_URI=/poderdocurtir/index.php/fb_page/pagerror.gif
HTTP_REFERER=https://www.msf.org.br/poderdocurtir/index.php/fb_page/index
---
